
 
 
 ###################### 
 ###################### 

 This is the result of test on 2018-09-02 03:00:50 GMT time 

 global_map,0.0 ,0
 global_map,11.6884 ,20
 global_map,11.6884 ,40
 global_map,14.9016 ,60
 global_map,16.2288 ,80
 global_map,25.7048 ,100
 global_map,30.6432 ,120
 global_map,34.232 ,140
 global_map,40.8996 ,160
 global_map,46.5916 ,180
 global_map,50.6868 ,200
 global_map,53.8516 ,220
 global_map,55.7664 ,240
 global_map,59.6804 ,260
 global_map,64.218 ,280
 global_map,73.9152 ,300
 global_map,76.4256 ,320
 global_map,78.8948 ,340
 global_map,78.9848 ,360
 global_map,80.1512 ,380
 global_map,80.4944 ,400
 global_map,80.5376 ,420
 global_map,80.6944 ,440
 global_map,81.224 ,460
 global_map,81.288 ,480
 global_map,81.3216 ,500
 global_map,83.3372 ,520
 global_map,83.6244 ,540
 global_map,83.6856 ,560
 global_map,84.444 ,580
 global_map,86.2708 ,600
 global_map,88.1588 ,620
 global_map,89.7272 ,640
 global_map,92.8024 ,660
 global_map,94.432 ,680
 global_map,94.5344 ,700
 global_map,94.5472 ,720
 global_map,94.6736 ,740
 global_map,94.6736 ,760
 global_map,94.7724 ,780
 global_map,94.8068 ,800
 global_map,94.8292 ,820
 global_map,94.8392 ,840
 global_map,94.8392 ,860
 global_map,95.6932 ,880
 global_map,95.7948 ,900
 global_map,95.7952 ,920
 global_map,95.8136 ,940
 global_map,95.868 ,960
 global_map,95.868 ,980
 global_map,96.4444 ,1000
 global_map,97.4428 ,1020
 global_map,99.65 ,1040
 global_map,99.9624 ,1060
 global_map,100.24 ,1080
 global_map,100.6056 ,1100
 global_map,100.6584 ,1120
 global_map,100.6844 ,1140
 global_map,100.6844 ,1160
 global_map,100.6916 ,1180
 global_map,100.6916 ,1200
 global_map,100.6916 ,1220
 global_map,100.7028 ,1240
 global_map,100.7032 ,1260
 global_map,100.7032 ,1280
 global_map,100.7032 ,1300
 global_map,100.7408 ,1320
 global_map,100.7408 ,1340
 global_map,100.7408 ,1360
 global_map,100.7408 ,1380
 global_map,100.7608 ,1400
 global_map,100.7608 ,1420
 global_map,100.7608 ,1440
 global_map,100.7608 ,1460
 global_map,100.7608 ,1480
 The Test has finished on 2018-09-02 04:39:11 GMT time 

 ======================== 
 ======================== 
 
 
