
 
 
 ###################### 
 ###################### 

 This is the result of test on 2018-08-29 08:48:09 GMT time 

 global_map,0.0 ,0
 global_map,11.6896 ,20
 global_map,11.6896 ,40
 global_map,15.1664 ,60
 global_map,18.3876 ,80
 global_map,26.2348 ,100
 global_map,32.356 ,120
 global_map,36.474 ,140
 global_map,38.2044 ,160
 global_map,38.4116 ,180
 global_map,46.3064 ,200
 global_map,50.0232 ,220
 global_map,53.6412 ,240
 global_map,62.456 ,260
 global_map,69.4852 ,280
 global_map,71.2264 ,300
 global_map,71.5424 ,320
 global_map,72.7228 ,340
 global_map,75.9976 ,360
 global_map,76.11 ,380
 global_map,78.702 ,400
 global_map,80.5368 ,420
 global_map,80.6068 ,440
 global_map,81.8032 ,460
 global_map,82.8508 ,480
 global_map,83.3196 ,500
 global_map,84.2776 ,520
 global_map,84.2836 ,540
 global_map,84.376 ,560
 global_map,84.392 ,580
 global_map,84.5692 ,600
 global_map,84.6772 ,620
 global_map,84.7056 ,640
 global_map,84.7932 ,660
 global_map,84.7996 ,680
 global_map,84.8128 ,700
 global_map,85.7312 ,720
 global_map,85.7416 ,740
 global_map,86.3288 ,760
 global_map,86.33 ,780
 global_map,87.6472 ,800
 global_map,87.7516 ,820
 global_map,88.0224 ,840
 global_map,88.5708 ,860
 global_map,88.584 ,880
 global_map,89.628 ,900
 global_map,93.2072 ,920
 global_map,93.402 ,940
 global_map,95.0928 ,960
 global_map,95.0928 ,980
 global_map,95.528 ,1000
 global_map,95.528 ,1020
 global_map,97.0088 ,1040
 global_map,98.0056 ,1060
 global_map,98.2976 ,1080
 global_map,98.4532 ,1100
 global_map,98.4936 ,1120
 global_map,98.5248 ,1140
 global_map,98.5248 ,1160
 global_map,98.7532 ,1180
 global_map,99.3768 ,1200
 global_map,99.3788 ,1220
 global_map,99.48 ,1240
 global_map,99.48 ,1260
 global_map,99.4896 ,1280
 global_map,100.2752 ,1300
 global_map,100.624 ,1320
 global_map,100.7048 ,1340
 global_map,100.7084 ,1360
 global_map,100.7096 ,1380
 global_map,100.7096 ,1400
 global_map,100.718 ,1420
 global_map,100.718 ,1440
 global_map,100.718 ,1460
 global_map,100.7192 ,1480
 The Test has finished on 2018-08-29 10:05:37 GMT time 

 ======================== 
 ======================== 
 
 
