
 
 
 ###################### 
 ###################### 

 This is the result of test on 2018-09-05 04:38:00 GMT time 

 global_map,0.0 ,0
 global_map,11.6968 ,20
 global_map,14.93 ,40
 global_map,17.6084 ,60
 global_map,20.7968 ,80
 global_map,28.2856 ,100
 global_map,34.4036 ,120
 global_map,35.1332 ,140
 global_map,35.9576 ,160
 global_map,39.9152 ,180
 global_map,41.132 ,200
 global_map,43.2416 ,220
 global_map,47.326 ,240
 global_map,51.106 ,260
 global_map,56.9148 ,280
 global_map,58.3068 ,300
 global_map,59.7984 ,320
 global_map,59.93 ,340
 global_map,61.3528 ,360
 global_map,61.6876 ,380
 global_map,68.272 ,400
 global_map,79.126 ,420
 global_map,80.0092 ,440
 global_map,85.4412 ,460
 global_map,86.2228 ,480
 global_map,88.2488 ,500
 global_map,88.688 ,520
 global_map,88.7848 ,540
 global_map,88.8644 ,560
 global_map,89.1808 ,580
 global_map,89.9784 ,600
 global_map,90.3464 ,620
 global_map,90.3464 ,640
 global_map,93.4492 ,660
 global_map,93.5028 ,680
 global_map,93.51 ,700
 global_map,93.5864 ,720
 global_map,93.7004 ,740
 global_map,93.7004 ,760
 global_map,95.08 ,780
 global_map,95.1316 ,800
 global_map,96.1308 ,820
 global_map,96.5004 ,840
 global_map,96.85 ,860
 global_map,96.8852 ,880
 global_map,96.8856 ,900
 global_map,96.9304 ,920
 global_map,96.9304 ,940
 global_map,97.0492 ,960
 global_map,97.0636 ,980
 global_map,97.0792 ,1000
 global_map,97.1356 ,1020
 global_map,98.0248 ,1040
 global_map,99.0192 ,1060
 global_map,99.0192 ,1080
 global_map,99.0644 ,1100
 global_map,99.0644 ,1120
 global_map,99.078 ,1140
 global_map,99.0928 ,1160
 global_map,99.0928 ,1180
 global_map,99.0932 ,1200
 global_map,99.0932 ,1220
 global_map,99.102 ,1240
 global_map,99.104 ,1260
 global_map,99.1584 ,1280
 global_map,99.1608 ,1300
 global_map,99.1608 ,1320
 global_map,99.1608 ,1340
 global_map,99.1608 ,1360
 global_map,99.1608 ,1380
 global_map,99.1652 ,1400
 global_map,99.1652 ,1420
 global_map,99.1652 ,1440
 global_map,99.1652 ,1460
 global_map,99.1652 ,1480
 The Test has finished on 2018-09-05 06:20:08 GMT time 

 ======================== 
 ======================== 
 
 
