
 
 
 ###################### 
 ###################### 

 This is the result of test on 2018-08-29 10:06:47 GMT time 

 global_map,0.0 ,0
 global_map,11.6912 ,20
 global_map,11.6912 ,40
 global_map,15.0776 ,60
 global_map,21.306 ,80
 global_map,27.0296 ,100
 global_map,31.832 ,120
 global_map,35.968 ,140
 global_map,40.8816 ,160
 global_map,46.0312 ,180
 global_map,48.9704 ,200
 global_map,49.0256 ,220
 global_map,53.9364 ,240
 global_map,60.7988 ,260
 global_map,64.6876 ,280
 global_map,70.508 ,300
 global_map,74.6944 ,320
 global_map,78.7504 ,340
 global_map,78.994 ,360
 global_map,79.6888 ,380
 global_map,80.5604 ,400
 global_map,81.5504 ,420
 global_map,81.6752 ,440
 global_map,82.3944 ,460
 global_map,82.6672 ,480
 global_map,82.6708 ,500
 global_map,82.8116 ,520
 global_map,83.408 ,540
 global_map,83.408 ,560
 global_map,83.6916 ,580
 global_map,83.968 ,600
 global_map,84.2072 ,620
 global_map,84.4724 ,640
 global_map,84.4724 ,660
 global_map,84.6576 ,680
 global_map,85.1368 ,700
 global_map,85.1456 ,720
 global_map,85.5208 ,740
 global_map,85.5392 ,760
 global_map,87.5984 ,780
 global_map,93.5404 ,800
 global_map,93.7896 ,820
 global_map,93.7928 ,840
 global_map,93.7932 ,860
 global_map,95.0868 ,880
 global_map,96.4304 ,900
 global_map,97.0264 ,920
 global_map,97.038 ,940
 global_map,97.038 ,960
 global_map,97.038 ,980
 global_map,97.038 ,1000
 global_map,97.038 ,1020
 global_map,97.038 ,1040
 global_map,99.806 ,1060
 global_map,99.9444 ,1080
 global_map,99.9516 ,1100
 global_map,99.9516 ,1120
 global_map,99.9516 ,1140
 global_map,99.9516 ,1160
 global_map,100.0076 ,1180
 global_map,100.3096 ,1200
 global_map,100.3096 ,1220
 global_map,100.4392 ,1240
 global_map,100.4488 ,1260
 global_map,100.4488 ,1280
 global_map,100.4556 ,1300
 global_map,100.4556 ,1320
 global_map,100.4556 ,1340
 global_map,100.4556 ,1360
 global_map,100.4556 ,1380
 global_map,100.4556 ,1400
 global_map,100.4556 ,1420
 global_map,100.4556 ,1440
 global_map,100.4556 ,1460
 global_map,100.4556 ,1480
 The Test has finished on 2018-09-02 00:57:51 GMT time 

 ======================== 
 ======================== 
 
 
