
 
 
 ###################### 
 ###################### 

 This is the result of test on 2018-09-04 01:55:44 GMT time 

 global_map,0.0 ,0
 global_map,11.6896 ,20
 global_map,11.6896 ,40
 global_map,15.026 ,60
 global_map,18.1308 ,80
 global_map,25.8312 ,100
 global_map,31.29 ,120
 global_map,34.6404 ,140
 global_map,34.7592 ,160
 global_map,34.9244 ,180
 global_map,40.838 ,200
 global_map,43.9808 ,220
 global_map,47.308 ,240
 global_map,48.8744 ,260
 global_map,50.4748 ,280
 global_map,55.1408 ,300
 global_map,55.2652 ,320
 global_map,59.2932 ,340
 global_map,59.4464 ,360
 global_map,61.8872 ,380
 global_map,64.0144 ,400
 global_map,64.7472 ,420
 global_map,70.4056 ,440
 global_map,70.9112 ,460
 global_map,73.7048 ,480
 global_map,77.8252 ,500
 global_map,79.6088 ,520
 global_map,79.9356 ,540
 global_map,79.9356 ,560
 global_map,87.2212 ,580
 global_map,87.2224 ,600
 global_map,87.8476 ,620
 global_map,89.9708 ,640
 global_map,89.9708 ,660
 global_map,90.9164 ,680
 global_map,91.0052 ,700
 global_map,91.4032 ,720
 global_map,91.4212 ,740
 global_map,91.4212 ,760
 global_map,91.4212 ,780
 global_map,91.4212 ,800
 global_map,94.7712 ,820
 global_map,94.7948 ,840
 global_map,95.2052 ,860
 global_map,95.3444 ,880
 global_map,95.3544 ,900
 global_map,95.3788 ,920
 global_map,95.6152 ,940
 global_map,95.626 ,960
 global_map,95.6368 ,980
 global_map,95.6528 ,1000
 global_map,95.6632 ,1020
 global_map,95.992 ,1040
 global_map,96.1884 ,1060
 global_map,96.6572 ,1080
 global_map,96.6788 ,1100
 global_map,96.7164 ,1120
 global_map,96.7268 ,1140
 global_map,97.32 ,1160
 global_map,99.1284 ,1180
 global_map,99.2384 ,1200
 global_map,99.9492 ,1220
 global_map,100.5632 ,1240
 global_map,100.5676 ,1260
 global_map,100.5772 ,1280
 global_map,100.6144 ,1300
 global_map,100.6144 ,1320
 global_map,100.6144 ,1340
 global_map,100.6144 ,1360
 global_map,100.6144 ,1380
 global_map,100.6328 ,1400
 global_map,100.6328 ,1420
 global_map,100.6328 ,1440
 global_map,100.6328 ,1460
 global_map,100.6328 ,1480
 The Test has finished on 2018-09-04 22:49:03 GMT time 

 ======================== 
 ======================== 
 
 
