
 
 
 ###################### 
 ###################### 

 This is the result of test on 2018-09-07 09:07:58 GMT time 

 global_map,0.0 ,0
 global_map,11.6936 ,20
 global_map,15.7208 ,40
 global_map,18.3136 ,60
 global_map,25.72 ,80
 global_map,32.2364 ,100
 global_map,35.3832 ,120
 global_map,37.356 ,140
 global_map,39.9444 ,160
 global_map,44.4688 ,180
 global_map,46.838 ,200
 global_map,47.8204 ,220
 global_map,50.296 ,240
 global_map,55.574 ,260
 global_map,57.4096 ,280
 global_map,58.2044 ,300
 global_map,61.6732 ,320
 global_map,62.3824 ,340
 global_map,63.1272 ,360
 global_map,63.7864 ,380
 global_map,63.8628 ,400
 global_map,64.298 ,420
 global_map,64.298 ,440
 global_map,65.3152 ,460
 global_map,65.5072 ,480
 global_map,66.016 ,500
 global_map,66.0928 ,520
 global_map,72.8596 ,540
 global_map,74.2824 ,560
 global_map,75.4736 ,580
 global_map,76.2232 ,600
 global_map,77.7308 ,620
 global_map,79.2416 ,640
 global_map,79.2784 ,660
 global_map,84.18 ,680
 global_map,84.3144 ,700
 global_map,88.4528 ,720
 global_map,94.3908 ,740
 global_map,94.8964 ,760
 global_map,94.9444 ,780
 global_map,94.996 ,800
 global_map,95.6852 ,820
 global_map,96.4988 ,840
 global_map,97.4736 ,860
 global_map,98.3872 ,880
 global_map,99.1492 ,900
 global_map,99.1624 ,920
 global_map,99.1624 ,940
 global_map,99.3456 ,960
 global_map,99.4012 ,980
 global_map,99.4012 ,1000
 global_map,99.5316 ,1020
 global_map,99.5316 ,1040
 global_map,99.5316 ,1060
 global_map,99.5316 ,1080
 global_map,99.54 ,1100
 global_map,99.54 ,1120
 global_map,99.5404 ,1140
 global_map,99.5404 ,1160
 global_map,99.5584 ,1180
 global_map,99.5728 ,1200
 global_map,99.5728 ,1220
 global_map,99.5728 ,1240
 global_map,99.5728 ,1260
 global_map,99.5728 ,1280
 global_map,99.5728 ,1300
 global_map,99.5728 ,1320
 global_map,99.5856 ,1340
 global_map,99.5856 ,1360
 global_map,99.5856 ,1380
 global_map,99.5856 ,1400
 global_map,99.5896 ,1420
 global_map,99.5896 ,1440
 global_map,99.5896 ,1460
 global_map,99.5896 ,1480
 The Test has finished on 2018-09-07 14:30:25 GMT time 

 ======================== 
 ======================== 
 
 
