
 
 
 ###################### 
 ###################### 

 This is the result of test on 2018-09-03 23:19:23 GMT time 

 global_map,0.0 ,0
 global_map,11.6904 ,20
 global_map,11.6904 ,40
 global_map,15.4836 ,60
 global_map,18.8496 ,80
 global_map,24.0628 ,100
 global_map,29.9272 ,120
 global_map,36.7092 ,140
 global_map,41.6492 ,160
 global_map,42.6024 ,180
 global_map,51.4628 ,200
 global_map,52.002 ,220
 global_map,59.8188 ,240
 global_map,62.4332 ,260
 global_map,68.0472 ,280
 global_map,74.5424 ,300
 global_map,74.6288 ,320
 global_map,74.9236 ,340
 global_map,76.1044 ,360
 global_map,78.72 ,380
 global_map,78.9856 ,400
 global_map,80.3232 ,420
 global_map,83.042 ,440
 global_map,90.0372 ,460
 global_map,90.044 ,480
 global_map,90.0484 ,500
 global_map,90.07 ,520
 global_map,90.1092 ,540
 global_map,90.7876 ,560
 global_map,92.2944 ,580
 global_map,92.3004 ,600
 global_map,93.0144 ,620
 global_map,93.6876 ,640
 global_map,93.6956 ,660
 global_map,93.7096 ,680
 global_map,94.1292 ,700
 global_map,94.1316 ,720
 global_map,94.2284 ,740
 global_map,94.2496 ,760
 global_map,95.4904 ,780
 global_map,95.6596 ,800
 global_map,95.8104 ,820
 global_map,95.8304 ,840
 global_map,96.5192 ,860
 global_map,96.7256 ,880
 global_map,96.8336 ,900
 global_map,96.8816 ,920
 global_map,96.882 ,940
 global_map,96.882 ,960
 global_map,96.8936 ,980
 global_map,96.9196 ,1000
 global_map,96.95 ,1020
 global_map,96.9608 ,1040
 global_map,97.0088 ,1060
 global_map,97.0104 ,1080
 global_map,97.0364 ,1100
 global_map,97.0372 ,1120
 global_map,97.0372 ,1140
 global_map,97.0372 ,1160
 global_map,97.0424 ,1180
 global_map,97.0472 ,1200
 global_map,97.0472 ,1220
 global_map,97.048 ,1240
 global_map,97.0996 ,1260
 global_map,97.1 ,1280
 global_map,97.1 ,1300
 global_map,97.1 ,1320
 The Test has finished on 2018-09-04 00:28:27 GMT time 

 ======================== 
 ======================== 
 
 
