
 
 
 ###################### 
 ###################### 

 This is the result of test on 2018-09-06 11:50:51 GMT time 

 global_map,0.0 ,0
 global_map,11.6912 ,20
 global_map,11.6912 ,40
 global_map,15.7112 ,60
 global_map,18.5592 ,80
 global_map,18.9728 ,100
 global_map,33.912 ,120
 global_map,34.5996 ,140
 global_map,35.7636 ,160
 global_map,35.9344 ,180
 global_map,43.1408 ,200
 global_map,54.1588 ,220
 global_map,57.0512 ,240
 global_map,59.9936 ,260
 global_map,70.9 ,280
 global_map,71.2804 ,300
 global_map,76.484 ,320
 global_map,77.1944 ,340
 global_map,78.6896 ,360
 global_map,80.0012 ,380
 global_map,80.0012 ,400
 global_map,80.3296 ,420
 global_map,80.3496 ,440
 global_map,80.5868 ,460
 global_map,80.7904 ,480
 global_map,81.0504 ,500
 global_map,81.6 ,520
 global_map,82.454 ,540
 global_map,86.084 ,560
 global_map,89.2832 ,580
 global_map,89.2872 ,600
 global_map,90.224 ,620
 global_map,90.7836 ,640
 global_map,93.7504 ,660
 global_map,93.9684 ,680
 global_map,93.9772 ,700
 global_map,93.9772 ,720
 global_map,93.9772 ,740
 global_map,93.9776 ,760
 global_map,93.9776 ,780
 global_map,94.156 ,800
 global_map,94.282 ,820
 global_map,94.346 ,840
 global_map,94.4144 ,860
 global_map,94.5636 ,880
 global_map,94.652 ,900
 global_map,95.5288 ,920
 global_map,95.5288 ,940
 global_map,95.5436 ,960
 global_map,95.93 ,980
 global_map,96.3812 ,1000
 global_map,97.6184 ,1020
 global_map,98.0436 ,1040
 global_map,98.0436 ,1060
 global_map,98.0436 ,1080
 global_map,98.1196 ,1100
 global_map,98.3388 ,1120
 global_map,98.5456 ,1140
 global_map,98.5732 ,1160
 global_map,98.5732 ,1180
 global_map,98.5732 ,1200
 global_map,98.5732 ,1220
 global_map,98.574 ,1240
 global_map,98.5844 ,1260
 global_map,98.5844 ,1280
 global_map,98.5844 ,1300
 global_map,99.4508 ,1320
 global_map,99.7988 ,1340
 global_map,100.1764 ,1360
 global_map,100.584 ,1380
 global_map,100.608 ,1400
 global_map,100.6656 ,1420
 global_map,100.6684 ,1440
 global_map,100.6684 ,1460
 global_map,100.6684 ,1480
 The Test has finished on 2018-09-07 09:04:13 GMT time 

 ======================== 
 ======================== 
 
 
