
 
 
 ###################### 
 ###################### 

 This is the result of test on 2018-09-07 14:32:52 GMT time 

 global_map,0.0 ,0
 global_map,11.6896 ,20
 global_map,15.0064 ,40
 global_map,16.4668 ,60
 global_map,26.154 ,80
 global_map,30.0332 ,100
 global_map,35.8568 ,120
 global_map,38.072 ,140
 global_map,44.1056 ,160
 global_map,45.482 ,180
 global_map,46.3588 ,200
 global_map,49.9996 ,220
 global_map,50.1724 ,240
 global_map,54.634 ,260
 global_map,60.4968 ,280
 global_map,63.4388 ,300
 global_map,68.9816 ,320
 global_map,73.2972 ,340
 global_map,76.9672 ,360
 global_map,78.726 ,380
 global_map,79.4444 ,400
 global_map,81.0564 ,420
 global_map,82.8304 ,440
 global_map,84.202 ,460
 global_map,84.8204 ,480
 global_map,85.1816 ,500
 global_map,85.2488 ,520
 global_map,85.2608 ,540
 global_map,85.4084 ,560
 global_map,85.4084 ,580
 global_map,85.5164 ,600
 global_map,85.5576 ,620
 global_map,85.5576 ,640
 global_map,85.5824 ,660
 global_map,85.6056 ,680
 global_map,85.6568 ,700
 global_map,85.6696 ,720
 global_map,85.75 ,740
 global_map,86.5144 ,760
 global_map,87.4488 ,780
 global_map,90.9172 ,800
 global_map,96.9204 ,820
 global_map,97.5052 ,840
 global_map,97.6644 ,860
 global_map,97.674 ,880
 global_map,97.6844 ,900
 global_map,97.7076 ,920
 global_map,97.73 ,940
 global_map,97.7372 ,960
 global_map,97.7372 ,980
 global_map,98.578 ,1000
 global_map,98.5828 ,1020
 global_map,98.5828 ,1040
 global_map,98.5828 ,1060
 global_map,98.7776 ,1080
 global_map,99.4136 ,1100
 global_map,99.8508 ,1120
 global_map,99.8564 ,1140
 global_map,99.8564 ,1160
 global_map,100.7056 ,1180
 global_map,100.7108 ,1200
 global_map,100.8192 ,1220
 global_map,100.8192 ,1240
 global_map,100.8204 ,1260
 global_map,100.8204 ,1280
 global_map,100.8204 ,1300
 global_map,100.8204 ,1320
 global_map,100.8204 ,1340
 global_map,100.8292 ,1360
 global_map,100.8312 ,1380
 global_map,100.8312 ,1400
 global_map,100.8312 ,1420
 global_map,100.8312 ,1440
 global_map,100.8524 ,1460
 global_map,100.8528 ,1480
 The Test has finished on 2018-09-08 11:26:24 GMT time 

 ======================== 
 ======================== 
 
 
