
 
 
 ###################### 
 ###################### 

 This is the result of test on 2018-09-02 01:01:11 GMT time 

 global_map,0.0 ,0
 global_map,11.6888 ,20
 global_map,11.6888 ,40
 global_map,15.8788 ,60
 global_map,16.2944 ,80
 global_map,24.7988 ,100
 global_map,25.3308 ,120
 global_map,27.4512 ,140
 global_map,28.024 ,160
 global_map,42.3892 ,180
 global_map,48.54 ,200
 global_map,54.9104 ,220
 global_map,58.3084 ,240
 global_map,62.812 ,260
 global_map,66.2004 ,280
 global_map,68.856 ,300
 global_map,71.2652 ,320
 global_map,77.3016 ,340
 global_map,78.5324 ,360
 global_map,78.5508 ,380
 global_map,78.7356 ,400
 global_map,78.8052 ,420
 global_map,78.9324 ,440
 global_map,80.0972 ,460
 global_map,81.5152 ,480
 global_map,81.9096 ,500
 global_map,82.1796 ,520
 global_map,83.7952 ,540
 global_map,83.7956 ,560
 global_map,84.2748 ,580
 global_map,84.2892 ,600
 global_map,84.664 ,620
 global_map,84.8048 ,640
 global_map,90.4784 ,660
 global_map,93.9308 ,680
 global_map,94.0176 ,700
 global_map,94.0224 ,720
 global_map,94.1684 ,740
 global_map,94.178 ,760
 global_map,94.1816 ,780
 global_map,94.1816 ,800
 global_map,94.1816 ,820
 global_map,94.1844 ,840
 global_map,94.2084 ,860
 global_map,94.2324 ,880
 global_map,94.2324 ,900
 global_map,94.3004 ,920
 global_map,94.496 ,940
 global_map,94.5468 ,960
 global_map,94.5468 ,980
 global_map,94.5536 ,1000
 global_map,94.622 ,1020
 global_map,94.622 ,1040
 global_map,94.622 ,1060
 global_map,94.622 ,1080
 global_map,94.622 ,1100
 global_map,94.6224 ,1120
 global_map,94.6224 ,1140
 global_map,95.4288 ,1160
 global_map,95.872 ,1180
 global_map,95.872 ,1200
 global_map,96.4104 ,1220
 global_map,96.7556 ,1240
 global_map,96.838 ,1260
 global_map,96.838 ,1280
 global_map,96.838 ,1300
 global_map,96.838 ,1320
 global_map,96.8572 ,1340
 global_map,96.8624 ,1360
 global_map,96.8624 ,1380
 global_map,96.8624 ,1400
 global_map,96.8624 ,1420
 global_map,96.8624 ,1440
 global_map,96.8624 ,1460
 global_map,96.8624 ,1480
 The Test has finished on 2018-09-02 02:59:00 GMT time 

 ======================== 
 ======================== 
 
 
