
 
 
 ###################### 
 ###################### 

 This is the result of test on 2018-09-05 02:39:28 GMT time 

 global_map,0.0 ,0
 global_map,11.694 ,20
 global_map,11.694 ,40
 global_map,14.8604 ,60
 global_map,17.7764 ,80
 global_map,25.0632 ,100
 global_map,28.5508 ,120
 global_map,34.4048 ,140
 global_map,43.034 ,160
 global_map,44.4616 ,180
 global_map,51.6552 ,200
 global_map,56.436 ,220
 global_map,57.5424 ,240
 global_map,58.0768 ,260
 global_map,70.264 ,280
 global_map,74.184 ,300
 global_map,75.3016 ,320
 global_map,77.7804 ,340
 global_map,78.6684 ,360
 global_map,80.2272 ,380
 global_map,80.3132 ,400
 global_map,80.8 ,420
 global_map,81.0696 ,440
 global_map,81.2116 ,460
 global_map,81.216 ,480
 global_map,81.4116 ,500
 global_map,81.4116 ,520
 global_map,81.4264 ,540
 global_map,81.5276 ,560
 global_map,81.8352 ,580
 global_map,81.84 ,600
 global_map,86.0168 ,620
 global_map,87.7944 ,640
 global_map,92.6624 ,660
 global_map,92.6624 ,680
 global_map,92.866 ,700
 global_map,92.9332 ,720
 global_map,93.0144 ,740
 global_map,93.4068 ,760
 global_map,93.8412 ,780
 global_map,93.8412 ,800
 global_map,94.4316 ,820
 global_map,94.6312 ,840
 global_map,94.632 ,860
 global_map,94.6344 ,880
 global_map,94.7452 ,900
 global_map,95.54 ,920
 global_map,96.1136 ,940
 global_map,96.5864 ,960
 global_map,96.742 ,980
 global_map,96.742 ,1000
 global_map,96.748 ,1020
 global_map,96.7904 ,1040
 global_map,96.8012 ,1060
 global_map,96.8012 ,1080
 global_map,96.84 ,1100
 global_map,96.8584 ,1120
 global_map,96.8604 ,1140
 global_map,96.8604 ,1160
 global_map,96.8604 ,1180
 global_map,96.8604 ,1200
 global_map,96.8604 ,1220
 global_map,96.8604 ,1240
 global_map,96.9044 ,1260
 global_map,96.9044 ,1280
 global_map,96.9104 ,1300
 global_map,96.9356 ,1320
 global_map,96.9356 ,1340
 global_map,96.9356 ,1360
 global_map,96.9356 ,1380
 global_map,96.9376 ,1400
 global_map,96.9376 ,1420
 global_map,96.9376 ,1440
 global_map,96.9376 ,1460
 global_map,96.9376 ,1480
 The Test has finished on 2018-09-05 04:31:22 GMT time 

 ======================== 
 ======================== 
 
 
