
 
 
 ###################### 
 ###################### 

 This is the result of test on 2018-09-02 22:37:08 GMT time 

 global_map,0.0 ,0
 global_map,11.6932 ,20
 global_map,11.6932 ,40
 global_map,15.7416 ,60
 global_map,18.96 ,80
 global_map,26.5164 ,100
 global_map,31.9992 ,120
 global_map,34.4888 ,140
 global_map,38.7792 ,160
 global_map,40.648 ,180
 global_map,40.8052 ,200
 global_map,41.1208 ,220
 global_map,45.9696 ,240
 global_map,53.6152 ,260
 global_map,60.8424 ,280
 global_map,62.5768 ,300
 global_map,67.818 ,320
 global_map,74.9056 ,340
 global_map,75.8924 ,360
 global_map,77.5108 ,380
 global_map,79.45 ,400
 global_map,79.7208 ,420
 global_map,79.7208 ,440
 global_map,79.7208 ,460
 global_map,79.7208 ,480
 global_map,79.8212 ,500
 global_map,79.99 ,520
 global_map,81.3184 ,540
 global_map,81.3184 ,560
 global_map,81.5324 ,580
 global_map,81.606 ,600
 global_map,81.7092 ,620
 global_map,81.8984 ,640
 global_map,81.9004 ,660
 global_map,81.9384 ,680
 global_map,81.9752 ,700
 global_map,82.306 ,720
 global_map,82.49 ,740
 global_map,82.8452 ,760
 global_map,82.8664 ,780
 global_map,82.8664 ,800
 global_map,84.02 ,820
 global_map,84.0344 ,840
 global_map,84.4984 ,860
 global_map,85.63 ,880
 global_map,86.7772 ,900
 global_map,86.7828 ,920
 global_map,86.7872 ,940
 global_map,87.6004 ,960
 global_map,88.0892 ,980
 global_map,90.3848 ,1000
 global_map,90.9936 ,1020
 global_map,90.9936 ,1040
 global_map,91.0832 ,1060
 global_map,96.306 ,1080
 global_map,97.6956 ,1100
 global_map,97.6956 ,1120
 global_map,97.9296 ,1140
 global_map,97.9768 ,1160
 global_map,97.9768 ,1180
 global_map,98.012 ,1200
 global_map,98.012 ,1220
 global_map,98.5504 ,1240
 global_map,98.9492 ,1260
 global_map,99.628 ,1280
 global_map,99.74 ,1300
 global_map,99.7828 ,1320
 global_map,100.0384 ,1340
 global_map,100.0384 ,1360
 global_map,100.05 ,1380
 global_map,100.0512 ,1400
 global_map,100.1108 ,1420
 global_map,100.1736 ,1440
 global_map,100.3524 ,1460
 global_map,100.3524 ,1480
 The Test has finished on 2018-09-03 22:19:35 GMT time 

 ======================== 
 ======================== 
 
 
