
 
 
 ###################### 
 ###################### 

 This is the result of test on 2018-09-02 05:01:56 GMT time 

 global_map,0.0 ,0
 global_map,11.6832 ,20
 global_map,11.6832 ,40
 global_map,15.732 ,60
 global_map,20.5536 ,80
 global_map,22.0212 ,100
 global_map,32.6352 ,120
 global_map,36.0756 ,140
 global_map,38.8712 ,160
 global_map,43.9584 ,180
 global_map,45.1872 ,200
 global_map,46.6516 ,220
 global_map,53.2392 ,240
 global_map,59.876 ,260
 global_map,63.6336 ,280
 global_map,67.5136 ,300
 global_map,71.8612 ,320
 global_map,72.6072 ,340
 global_map,75.4168 ,360
 global_map,75.9092 ,380
 global_map,76.5328 ,400
 global_map,78.4804 ,420
 global_map,80.66 ,440
 global_map,81.5144 ,460
 global_map,81.8436 ,480
 global_map,82.3104 ,500
 global_map,82.374 ,520
 global_map,82.7708 ,540
 global_map,83.4972 ,560
 global_map,84.124 ,580
 global_map,85.0388 ,600
 global_map,86.0488 ,620
 global_map,86.784 ,640
 global_map,89.4368 ,660
 global_map,90.3272 ,680
 global_map,96.0636 ,700
 global_map,96.128 ,720
 global_map,96.1348 ,740
 global_map,96.3484 ,760
 global_map,96.3512 ,780
 global_map,96.3544 ,800
 global_map,96.3544 ,820
 global_map,97.2164 ,840
 global_map,98.7592 ,860
 global_map,98.968 ,880
 global_map,99.3296 ,900
 global_map,100.1868 ,920
 global_map,100.1868 ,940
 global_map,100.6604 ,960
 global_map,100.6604 ,980
 global_map,100.6604 ,1000
 global_map,100.6696 ,1020
 global_map,100.6696 ,1040
 global_map,100.6696 ,1060
 global_map,100.6696 ,1080
 global_map,100.6696 ,1100
 global_map,100.6696 ,1120
 global_map,100.6696 ,1140
 global_map,100.6696 ,1160
 global_map,100.6784 ,1180
 global_map,100.6784 ,1200
 global_map,100.6784 ,1220
 global_map,100.6792 ,1240
 global_map,100.6792 ,1260
 global_map,100.6792 ,1280
 global_map,100.6896 ,1300
 global_map,100.6908 ,1320
 global_map,100.6908 ,1340
 global_map,100.6908 ,1360
 global_map,100.6956 ,1380
 global_map,100.6956 ,1400
 global_map,100.6956 ,1420
 global_map,100.7476 ,1440
 global_map,100.7512 ,1460
 global_map,100.7512 ,1480
 The Test has finished on 2018-09-02 22:25:27 GMT time 

 ======================== 
 ======================== 
 
 
