
 
 
 ###################### 
 ###################### 

 This is the result of test on 2018-09-03 22:21:59 GMT time 

 global_map,0.0 ,0
 global_map,11.6888 ,20
 global_map,11.6888 ,40
 global_map,14.834 ,60
 global_map,17.354 ,80
 global_map,23.6036 ,100
 global_map,28.5992 ,120
 global_map,34.2276 ,140
 global_map,38.1904 ,160
 global_map,38.978 ,180
 global_map,49.0456 ,200
 global_map,49.0976 ,220
 global_map,49.1664 ,240
 global_map,51.2232 ,260
 global_map,54.9212 ,280
 global_map,59.3812 ,300
 global_map,64.6472 ,320
 global_map,75.0104 ,340
 global_map,78.662 ,360
 global_map,78.7672 ,380
 global_map,79.422 ,400
 global_map,80.658 ,420
 global_map,80.8524 ,440
 global_map,81.4288 ,460
 global_map,81.4288 ,480
 global_map,81.5088 ,500
 global_map,81.6232 ,520
 global_map,81.7768 ,540
 global_map,82.0528 ,560
 global_map,82.6244 ,580
 global_map,83.7352 ,600
 global_map,84.3524 ,620
 global_map,85.964 ,640
 global_map,85.964 ,660
 global_map,87.1 ,680
 global_map,93.0948 ,700
 global_map,93.2088 ,720
 global_map,94.396 ,740
 global_map,94.4044 ,760
 global_map,94.4044 ,780
 global_map,94.6548 ,800
 global_map,94.6648 ,820
 global_map,94.9268 ,840
 global_map,95.0048 ,860
 global_map,95.0088 ,880
 global_map,95.8288 ,900
 global_map,96.2232 ,920
 global_map,96.2232 ,940
 global_map,96.2232 ,960
 global_map,96.2232 ,980
 global_map,97.0268 ,1000
 global_map,97.0268 ,1020
 global_map,97.0268 ,1040
 global_map,97.0268 ,1060
 global_map,97.0268 ,1080
 global_map,97.4052 ,1100
 global_map,97.5492 ,1120
 The Test has finished on 2018-09-03 23:16:59 GMT time 

 ======================== 
 ======================== 
 
 
