
 
 
 ###################### 
 ###################### 

 This is the result of test on 2018-08-29 07:23:37 GMT time 

 global_map,0.0 ,0
 global_map,11.6904 ,20
 global_map,11.6904 ,40
 global_map,15.1904 ,60
 global_map,15.496 ,80
 global_map,24.0928 ,100
 global_map,31.3476 ,120
 global_map,32.1604 ,140
 global_map,35.6892 ,160
 global_map,45.9832 ,180
 global_map,47.2664 ,200
 global_map,49.1148 ,220
 global_map,56.1848 ,240
 global_map,59.05 ,260
 global_map,63.2612 ,280
 global_map,71.3816 ,300
 global_map,74.514 ,320
 global_map,78.3472 ,340
 global_map,78.9636 ,360
 global_map,79.004 ,380
 global_map,79.4292 ,400
 global_map,80.0308 ,420
 global_map,80.638 ,440
 global_map,81.7808 ,460
 global_map,82.9892 ,480
 global_map,83.0224 ,500
 global_map,83.2284 ,520
 global_map,83.6484 ,540
 global_map,83.6588 ,560
 global_map,84.198 ,580
 global_map,84.2956 ,600
 global_map,84.3124 ,620
 global_map,84.3324 ,640
 global_map,84.3808 ,660
 global_map,84.3808 ,680
 global_map,85.6704 ,700
 global_map,87.8748 ,720
 global_map,87.8748 ,740
 global_map,90.0172 ,760
 global_map,90.0268 ,780
 global_map,90.3292 ,800
 global_map,91.9256 ,820
 global_map,94.0872 ,840
 global_map,94.7328 ,860
 global_map,94.7704 ,880
 global_map,94.9424 ,900
 global_map,95.0084 ,920
 global_map,95.0084 ,940
 global_map,95.0084 ,960
 global_map,95.0084 ,980
 global_map,96.7468 ,1000
 global_map,97.966 ,1020
 global_map,97.9692 ,1040
 global_map,97.9692 ,1060
 global_map,98.604 ,1080
 global_map,98.608 ,1100
 global_map,98.608 ,1120
 global_map,99.1556 ,1140
 global_map,99.1556 ,1160
 global_map,100.04 ,1180
 global_map,100.04 ,1200
 The Test has finished on 2018-08-29 08:27:48 GMT time 

 ======================== 
 ======================== 
 
 
