
 
 
 ###################### 
 ###################### 

 This is the result of test on 2018-09-05 06:25:19 GMT time 

 global_map,0.0 ,0
 global_map,11.6908 ,20
 global_map,11.6908 ,40
 global_map,14.992 ,60
 global_map,21.09 ,80
 global_map,24.8356 ,100
 global_map,30.062 ,120
 global_map,36.676 ,140
 global_map,40.9524 ,160
 global_map,42.044 ,180
 global_map,46.2096 ,200
 global_map,46.4392 ,220
 global_map,54.2268 ,240
 global_map,59.1244 ,260
 global_map,69.784 ,280
 global_map,74.7892 ,300
 global_map,77.1752 ,320
 global_map,78.1752 ,340
 global_map,78.3748 ,360
 global_map,78.9192 ,380
 global_map,80.5144 ,400
 global_map,80.9176 ,420
 global_map,80.924 ,440
 global_map,86.102 ,460
 global_map,91.4996 ,480
 global_map,91.5036 ,500
 global_map,91.8156 ,520
 global_map,91.8864 ,540
 global_map,92.0876 ,560
 global_map,92.0876 ,580
 global_map,92.0876 ,600
 global_map,92.12 ,620
 global_map,92.1328 ,640
 global_map,92.1328 ,660
 global_map,93.2304 ,680
 global_map,93.284 ,700
 global_map,93.284 ,720
 global_map,93.3932 ,740
 global_map,93.4052 ,760
 global_map,93.7844 ,780
 global_map,93.7844 ,800
 global_map,94.2204 ,820
 global_map,94.2932 ,840
 global_map,94.3564 ,860
 global_map,95.9364 ,880
 global_map,96.3564 ,900
 global_map,96.9136 ,920
 global_map,97.0064 ,940
 global_map,97.0064 ,960
 global_map,97.0064 ,980
 global_map,97.0064 ,1000
 global_map,97.7724 ,1020
 global_map,97.7724 ,1040
 global_map,97.7724 ,1060
 global_map,97.7724 ,1080
 global_map,97.7724 ,1100
 global_map,97.7752 ,1120
 global_map,97.7752 ,1140
 global_map,97.906 ,1160
 global_map,98.1624 ,1180
 global_map,98.1624 ,1200
 global_map,98.1624 ,1220
 global_map,98.1628 ,1240
 global_map,98.1628 ,1260
 global_map,98.1628 ,1280
 global_map,98.1628 ,1300
 global_map,98.1628 ,1320
 global_map,98.1628 ,1340
 global_map,98.1628 ,1360
 global_map,98.1628 ,1380
 global_map,98.1648 ,1400
 global_map,98.1648 ,1420
 global_map,98.1648 ,1440
 global_map,98.1648 ,1460
 global_map,98.1648 ,1480
 The Test has finished on 2018-09-06 11:48:21 GMT time 

 ======================== 
 ======================== 
 
 
