
 
 
 ###################### 
 ###################### 

 This is the result of test on 2018-09-06 11:50:51 GMT time 

 robot0,0.0 ,0
 robot1,0.0 ,0
 robot2,0.0 ,0
 robot3,0.0 ,0
 robot0,0.0 ,20
 robot1,0.0 ,20
 robot2,0.0 ,20
 robot3,0.0 ,20
 robot0,1.58 ,40
 robot1,4.95 ,40
 robot2,8.3 ,40
 robot3,3.25 ,40
 robot0,5.9 ,60
 robot1,14.95 ,60
 robot2,18.34 ,60
 robot3,12.33 ,60
 robot0,16.02 ,80
 robot1,20.61 ,80
 robot2,26.56 ,80
 robot3,22.34 ,80
 robot0,23.58 ,100
 robot1,30.69 ,100
 robot2,33.41 ,100
 robot3,30.37 ,100
 robot0,30.13 ,120
 robot1,37.47 ,120
 robot2,43.58 ,120
 robot3,38.33 ,120
 robot0,40.12 ,140
 robot1,43.16 ,140
 robot2,53.65 ,140
 robot3,48.33 ,140
 robot0,49.62 ,160
 robot1,51.33 ,160
 robot2,63.77 ,160
 robot3,56.09 ,160
 robot0,59.72 ,180
 robot1,52.96 ,180
 robot2,73.78 ,180
 robot3,64.07 ,180
 robot0,65.79 ,200
 robot1,57.85 ,200
 robot2,83.75 ,200
 robot3,74.14 ,200
 robot0,71.15 ,220
 robot1,67.92 ,220
 robot2,88.95 ,220
 robot3,84.26 ,220
 robot0,75.89 ,240
 robot1,77.94 ,240
 robot2,99.22 ,240
 robot3,93.83 ,240
 robot0,85.91 ,260
 robot1,84.04 ,260
 robot2,109.33 ,260
 robot3,104.07 ,260
 robot0,96.24 ,280
 robot1,92.9 ,280
 robot2,114.47 ,280
 robot3,114.31 ,280
 robot0,106.41 ,300
 robot1,99.33 ,300
 robot2,124.59 ,300
 robot3,124.4 ,300
 robot0,116.49 ,320
 robot1,104.71 ,320
 robot2,128.94 ,320
 robot3,128.89 ,320
 robot0,126.59 ,340
 robot1,113.59 ,340
 robot2,133.03 ,340
 robot3,132.47 ,340
 robot0,136.69 ,360
 robot1,121.18 ,360
 robot2,136.4 ,360
 robot3,134.18 ,360
 robot0,141.71 ,380
 robot1,127.09 ,380
 robot2,144.76 ,380
 robot3,136.57 ,380
 robot0,147.43 ,400
 robot1,131.73 ,400
 robot2,150.92 ,400
 robot3,138.34 ,400
 robot0,156.21 ,420
 robot1,142.01 ,420
 robot2,158.61 ,420
 robot3,140.05 ,420
 robot0,161.11 ,440
 robot1,149.94 ,440
 robot2,165.69 ,440
 robot3,141.18 ,440
 robot0,171.12 ,460
 robot1,154.0 ,460
 robot2,176.01 ,460
 robot3,142.54 ,460
 robot0,181.15 ,480
 robot1,158.29 ,480
 robot2,180.66 ,480
 robot3,149.09 ,480
 robot0,186.16 ,500
 robot1,164.7 ,500
 robot2,186.04 ,500
 robot3,155.16 ,500
 robot0,195.15 ,520
 robot1,174.32 ,520
 robot2,196.03 ,520
 robot3,161.72 ,520
 robot0,205.38 ,540
 robot1,181.05 ,540
 robot2,201.94 ,540
 robot3,165.36 ,540
 robot0,215.49 ,560
 robot1,189.31 ,560
 robot2,210.98 ,560
 robot3,169.96 ,560
 robot0,220.64 ,580
 robot1,199.44 ,580
 robot2,221.38 ,580
 robot3,179.18 ,580
 robot0,230.78 ,600
 robot1,209.64 ,600
 robot2,224.23 ,600
 robot3,184.75 ,600
 robot0,240.95 ,620
 robot1,218.59 ,620
 robot2,232.87 ,620
 robot3,194.85 ,620
 robot0,246.83 ,640
 robot1,225.54 ,640
 robot2,237.95 ,640
 robot3,202.69 ,640
 robot0,257.17 ,660
 robot1,235.77 ,660
 robot2,247.93 ,660
 robot3,211.84 ,660
 robot0,262.51 ,680
 robot1,246.0 ,680
 robot2,252.95 ,680
 robot3,221.72 ,680
 robot0,272.35 ,700
 robot1,256.02 ,700
 robot2,263.31 ,700
 robot3,226.24 ,700
 robot0,282.73 ,720
 robot1,266.13 ,720
 robot2,269.25 ,720
 robot3,236.43 ,720
 robot0,288.11 ,740
 robot1,271.92 ,740
 robot2,279.57 ,740
 robot3,246.52 ,740
 robot0,298.12 ,760
 robot1,277.13 ,760
 robot2,289.63 ,760
 robot3,256.71 ,760
 robot0,302.12 ,780
 robot1,282.88 ,780
 robot2,300.0 ,780
 robot3,266.91 ,780
 robot0,306.8 ,800
 robot1,293.09 ,800
 robot2,310.16 ,800
 robot3,272.28 ,800
 robot0,315.69 ,820
 robot1,303.13 ,820
 robot2,314.72 ,820
 robot3,282.28 ,820
 robot0,325.73 ,840
 robot1,313.15 ,840
 robot2,320.03 ,840
 robot3,292.03 ,840
 robot0,334.17 ,860
 robot1,322.92 ,860
 robot2,330.0 ,860
 robot3,294.0 ,860
 robot0,343.39 ,880
 robot1,332.92 ,880
 robot2,340.33 ,880
 robot3,297.74 ,880
 robot0,353.29 ,900
 robot1,342.18 ,900
 robot2,347.78 ,900
 robot3,302.98 ,900
 robot0,363.36 ,920
 robot1,347.76 ,920
 robot2,354.25 ,920
 robot3,307.03 ,920
 robot0,370.76 ,940
 robot1,353.44 ,940
 robot2,359.5 ,940
 robot3,311.42 ,940
 robot0,378.54 ,960
 robot1,359.05 ,960
 robot2,369.51 ,960
 robot3,315.8 ,960
 robot0,388.66 ,980
 robot1,364.18 ,980
 robot2,379.54 ,980
 robot3,320.36 ,980
 robot0,398.63 ,1000
 robot1,371.81 ,1000
 robot2,388.29 ,1000
 robot3,323.31 ,1000
 robot0,401.22 ,1020
 robot1,378.84 ,1020
 robot2,393.96 ,1020
 robot3,328.09 ,1020
 robot0,405.55 ,1040
 robot1,389.07 ,1040
 robot2,403.97 ,1040
 robot3,332.05 ,1040
 robot0,408.44 ,1060
 robot1,395.93 ,1060
 robot2,414.0 ,1060
 robot3,335.01 ,1060
 robot0,410.95 ,1080
 robot1,401.37 ,1080
 robot2,423.46 ,1080
 robot3,340.54 ,1080
 robot0,415.63 ,1100
 robot1,410.6 ,1100
 robot2,429.36 ,1100
 robot3,346.55 ,1100
 robot0,417.91 ,1120
 robot1,419.24 ,1120
 robot2,439.4 ,1120
 robot3,349.61 ,1120
 robot0,420.42 ,1140
 robot1,426.53 ,1140
 robot2,449.45 ,1140
 robot3,352.85 ,1140
 robot0,424.65 ,1160
 robot1,436.55 ,1160
 robot2,455.61 ,1160
 robot3,357.49 ,1160
 robot0,430.57 ,1180
 robot1,446.94 ,1180
 robot2,465.23 ,1180
 robot3,362.45 ,1180
 robot0,440.9 ,1200
 robot1,457.01 ,1200
 robot2,475.49 ,1200
 robot3,366.61 ,1200
 robot0,450.97 ,1220
 robot1,467.1 ,1220
 robot2,485.52 ,1220
 robot3,370.33 ,1220
 robot0,461.17 ,1240
 robot1,477.19 ,1240
 robot2,492.71 ,1240
 robot3,374.12 ,1240
 robot0,467.18 ,1260
 robot1,487.29 ,1260
 robot2,502.75 ,1260
 robot3,378.84 ,1260
 robot0,476.17 ,1280
 robot1,493.06 ,1280
 robot2,512.77 ,1280
 robot3,381.74 ,1280
 robot0,483.1 ,1300
 robot1,503.06 ,1300
 robot2,519.19 ,1300
 robot3,385.6 ,1300
 robot0,488.66 ,1320
 robot1,513.06 ,1320
 robot2,528.17 ,1320
 robot3,389.11 ,1320
 robot0,493.23 ,1340
 robot1,523.06 ,1340
 robot2,538.25 ,1340
 robot3,394.42 ,1340
 robot0,499.65 ,1360
 robot1,533.06 ,1360
 robot2,547.4 ,1360
 robot3,399.45 ,1360
 robot0,505.58 ,1380
 robot1,543.05 ,1380
 robot2,553.9 ,1380
 robot3,403.23 ,1380
 robot0,514.18 ,1400
 robot1,553.15 ,1400
 robot2,563.94 ,1400
 robot3,406.37 ,1400
 robot0,520.84 ,1420
 robot1,559.03 ,1420
 robot2,574.32 ,1420
 robot3,410.73 ,1420
 robot0,530.84 ,1440
 robot1,569.15 ,1440
 robot2,580.46 ,1440
 robot3,415.78 ,1440
 robot0,541.02 ,1460
 robot1,579.24 ,1460
 robot2,590.72 ,1460
 robot3,419.77 ,1460
 robot0,551.29 ,1480
 robot1,589.25 ,1480
 robot2,600.84 ,1480
 robot3,423.2 ,1480
 The Test has finished on 2018-09-07 09:04:14 GMT time 

 ======================== 
 ======================== 
 
 
