
 
 
 ###################### 
 ###################### 

 This is the result of test on 2018-09-04 00:35:24 GMT time 

 global_map,0.0 ,0
 global_map,11.69 ,20
 global_map,11.69 ,40
 global_map,15.9092 ,60
 global_map,21.9144 ,80
 global_map,24.7864 ,100
 global_map,33.0528 ,120
 global_map,34.4096 ,140
 global_map,39.3968 ,160
 global_map,42.6972 ,180
 global_map,48.3304 ,200
 global_map,49.1684 ,220
 global_map,53.1492 ,240
 global_map,53.2512 ,260
 global_map,54.1224 ,280
 global_map,55.4132 ,300
 global_map,57.5488 ,320
 global_map,71.5024 ,340
 global_map,76.5644 ,360
 global_map,76.6876 ,380
 global_map,78.4708 ,400
 global_map,79.0372 ,420
 global_map,79.0692 ,440
 global_map,79.9832 ,460
 global_map,80.298 ,480
 global_map,81.5576 ,500
 global_map,81.9464 ,520
 global_map,82.2832 ,540
 global_map,82.2948 ,560
 global_map,82.3892 ,580
 global_map,82.7004 ,600
 global_map,82.7004 ,620
 global_map,82.7004 ,640
 global_map,82.8436 ,660
 global_map,83.0 ,680
 global_map,83.0264 ,700
 global_map,83.0264 ,720
 global_map,83.134 ,740
 global_map,83.1468 ,760
 global_map,83.1468 ,780
 global_map,83.2116 ,800
 global_map,83.2116 ,820
 global_map,83.2116 ,840
 global_map,83.2152 ,860
 global_map,83.2348 ,880
 global_map,83.2348 ,900
 global_map,83.2348 ,920
 global_map,83.2512 ,940
 global_map,86.8472 ,960
 global_map,86.8472 ,980
 global_map,95.168 ,1000
 global_map,95.3784 ,1020
 global_map,95.562 ,1040
 global_map,95.562 ,1060
 global_map,95.6952 ,1080
 global_map,96.5332 ,1100
 global_map,97.3192 ,1120
 global_map,97.3332 ,1140
 global_map,97.52 ,1160
 global_map,97.52 ,1180
 global_map,97.5856 ,1200
 global_map,97.6712 ,1220
 global_map,97.7356 ,1240
 global_map,98.6332 ,1260
 global_map,98.6376 ,1280
 global_map,98.6492 ,1300
 global_map,98.6568 ,1320
 global_map,98.6568 ,1340
 global_map,98.982 ,1360
 global_map,98.984 ,1380
 global_map,98.984 ,1400
 global_map,99.5508 ,1420
 global_map,99.8328 ,1440
 global_map,100.0388 ,1460
 global_map,100.0388 ,1480
 The Test has finished on 2018-09-04 01:53:52 GMT time 

 ======================== 
 ======================== 
 
 
