
 
 
 ###################### 
 ###################### 

 This is the result of test on 2018-09-04 23:55:46 GMT time 

 global_map,0.0 ,0
 global_map,11.6912 ,20
 global_map,14.9872 ,40
 global_map,17.7312 ,60
 global_map,26.9104 ,80
 global_map,27.9248 ,100
 global_map,35.1992 ,120
 global_map,37.4016 ,140
 global_map,41.7184 ,160
 global_map,43.1644 ,180
 global_map,47.1828 ,200
 global_map,47.2324 ,220
 global_map,52.254 ,240
 global_map,55.0896 ,260
 global_map,55.2036 ,280
 global_map,59.3864 ,300
 global_map,60.2292 ,320
 global_map,60.7348 ,340
 global_map,63.93 ,360
 global_map,64.3956 ,380
 global_map,65.57 ,400
 global_map,68.1784 ,420
 global_map,71.5384 ,440
 global_map,72.324 ,460
 global_map,72.3328 ,480
 global_map,74.5592 ,500
 global_map,74.6024 ,520
 global_map,79.2324 ,540
 global_map,86.598 ,560
 global_map,86.9296 ,580
 global_map,89.6764 ,600
 global_map,89.8896 ,620
 global_map,89.9252 ,640
 global_map,89.9476 ,660
 global_map,94.014 ,680
 global_map,94.1168 ,700
 global_map,94.1168 ,720
 global_map,94.2016 ,740
 global_map,94.2016 ,760
 global_map,94.2016 ,780
 global_map,95.0548 ,800
 global_map,95.0636 ,820
 global_map,96.0188 ,840
 global_map,96.4332 ,860
 global_map,97.2296 ,880
 global_map,97.2336 ,900
 global_map,97.8968 ,920
 global_map,98.4676 ,940
 global_map,98.532 ,960
 global_map,98.5384 ,980
 global_map,98.5568 ,1000
 global_map,98.8224 ,1020
 global_map,99.5492 ,1040
 global_map,100.0316 ,1060
 global_map,100.0316 ,1080
 global_map,100.3012 ,1100
 global_map,100.4924 ,1120
 global_map,100.6656 ,1140
 global_map,100.6888 ,1160
 global_map,100.6888 ,1180
 global_map,100.716 ,1200
 global_map,100.716 ,1220
 global_map,100.716 ,1240
 global_map,100.716 ,1260
 global_map,100.716 ,1280
 global_map,100.716 ,1300
 global_map,100.716 ,1320
 global_map,100.716 ,1340
 global_map,100.7172 ,1360
 global_map,100.7172 ,1380
 global_map,100.7172 ,1400
 global_map,100.7172 ,1420
 global_map,100.7188 ,1440
 global_map,100.7216 ,1460
 global_map,100.7216 ,1480
 The Test has finished on 2018-09-05 02:37:24 GMT time 

 ======================== 
 ======================== 
 
 
