
 
 
 ###################### 
 ###################### 

 This is the result of test on 2018-09-04 23:01:02 GMT time 

 global_map,0.0 ,0
 global_map,11.6968 ,20
 global_map,11.6968 ,40
 global_map,15.1224 ,60
 global_map,18.5288 ,80
 global_map,26.1092 ,100
 global_map,32.4544 ,120
 global_map,35.1072 ,140
 global_map,36.5728 ,160
 global_map,41.4836 ,180
 global_map,44.5968 ,200
 global_map,49.4844 ,220
 global_map,54.4164 ,240
 global_map,60.1876 ,260
 global_map,65.6132 ,280
 global_map,71.1056 ,300
 global_map,71.7512 ,320
 global_map,72.0744 ,340
 global_map,77.0008 ,360
 global_map,77.004 ,380
 global_map,78.4256 ,400
 global_map,79.0012 ,420
 global_map,79.004 ,440
 global_map,79.0044 ,460
 global_map,79.1764 ,480
 global_map,79.262 ,500
 global_map,81.4392 ,520
 global_map,83.152 ,540
 global_map,83.5008 ,560
 global_map,85.0056 ,580
 global_map,85.0124 ,600
 global_map,85.0216 ,620
 global_map,85.0344 ,640
 global_map,85.1784 ,660
 global_map,85.344 ,680
 global_map,85.3836 ,700
 global_map,85.3836 ,720
 global_map,85.3856 ,740
 global_map,85.3856 ,760
 global_map,85.8992 ,780
 global_map,85.8992 ,800
 global_map,87.5508 ,820
 global_map,94.2596 ,840
 global_map,94.6016 ,860
 global_map,94.6516 ,880
 global_map,94.6516 ,900
 global_map,94.716 ,920
 global_map,94.7224 ,940
 global_map,95.63 ,960
 global_map,95.63 ,980
 global_map,96.682 ,1000
 global_map,96.7356 ,1020
 global_map,96.7544 ,1040
 global_map,96.794 ,1060
 The Test has finished on 2018-09-04 23:53:36 GMT time 

 ======================== 
 ======================== 
 
 
