
 
 
 ###################### 
 ###################### 

 This is the result of test on 2018-08-28 11:06:23 GMT time 

 global_map,0.0 ,0
 global_map,11.6948 ,20
 global_map,16.0084 ,40
 global_map,18.428 ,60
 global_map,21.8196 ,80
 global_map,23.3928 ,100
 global_map,29.8752 ,120
 global_map,36.9684 ,140
 global_map,47.0364 ,160
 global_map,49.214 ,180
 global_map,52.664 ,200
 global_map,58.1132 ,220
 global_map,63.0792 ,240
 global_map,63.6444 ,260
 global_map,72.932 ,280
 global_map,76.3016 ,300
 global_map,76.3076 ,320
 global_map,79.0164 ,340
 global_map,79.506 ,360
 global_map,79.6588 ,380
 global_map,79.9236 ,400
 global_map,80.6356 ,420
 global_map,83.004 ,440
 global_map,83.3008 ,460
 global_map,83.3288 ,480
 global_map,83.3324 ,500
 global_map,83.6348 ,520
 global_map,90.5428 ,540
 global_map,90.692 ,560
 global_map,90.9016 ,580
 global_map,91.5668 ,600
 global_map,91.5956 ,620
 global_map,91.6628 ,640
 global_map,92.512 ,660
 global_map,93.7872 ,680
 global_map,93.9236 ,700
 global_map,94.1844 ,720
 global_map,94.3556 ,740
 global_map,94.3556 ,760
 global_map,94.3556 ,780
 global_map,94.362 ,800
 global_map,94.438 ,820
 global_map,94.438 ,840
 global_map,94.438 ,860
 global_map,94.4608 ,880
 global_map,94.466 ,900
 global_map,95.5144 ,920
 global_map,95.5568 ,940
 global_map,96.5084 ,960
 global_map,96.5288 ,980
 global_map,96.5288 ,1000
 global_map,96.57 ,1020
 global_map,96.674 ,1040
 global_map,96.6768 ,1060
 global_map,96.6924 ,1080
 global_map,96.6972 ,1100
 global_map,96.6972 ,1120
 global_map,96.6972 ,1140
 global_map,96.6972 ,1160
 global_map,96.7016 ,1180
 global_map,96.7016 ,1200
 global_map,96.7016 ,1220
 global_map,96.7016 ,1240
 global_map,96.716 ,1260
 global_map,96.7768 ,1280
 global_map,96.7772 ,1300
 global_map,96.78 ,1320
 global_map,96.78 ,1340
 global_map,96.78 ,1360
 global_map,96.7872 ,1380
 global_map,96.7872 ,1400
 global_map,96.7872 ,1420
 global_map,96.7936 ,1440
 global_map,96.7936 ,1460
 global_map,96.7936 ,1480
 The Test has finished on 2018-08-29 07:20:36 GMT time 

 ======================== 
 ======================== 
 
 
