
 
 
 ###################### 
 ###################### 

 This is the result of test on 2018-07-17 10:56:47 GMT time 

 global_map,0.0 ,0
 global_map,6.7488 ,20
 global_map,6.7488 ,40
 global_map,9.0756 ,60
 global_map,9.4716 ,80
 global_map,11.402 ,100
 global_map,12.0896 ,120
 global_map,13.0448 ,140
 global_map,19.276 ,160
 global_map,22.4284 ,180
 global_map,24.4088 ,200
 global_map,27.5504 ,220
 global_map,27.6548 ,240
 global_map,30.4436 ,260
 global_map,33.7884 ,280
 global_map,40.9852 ,300
 global_map,42.9128 ,320
 global_map,44.0896 ,340
 global_map,50.1964 ,360
 global_map,52.214 ,380
 global_map,54.8544 ,400
 global_map,54.9564 ,420
 global_map,59.1256 ,440
 global_map,63.6016 ,460
 global_map,66.4724 ,480
 global_map,71.2996 ,500
 global_map,76.8688 ,520
 global_map,79.2368 ,540
 global_map,81.53 ,560
 global_map,89.0348 ,580
 global_map,90.8532 ,600
 global_map,91.2968 ,620
 global_map,91.3672 ,640
 global_map,91.5924 ,660
 global_map,91.7456 ,680
 global_map,92.8468 ,700
 global_map,93.4496 ,720
 global_map,93.4564 ,740
 global_map,93.6444 ,760
 global_map,93.682 ,780
 global_map,93.708 ,800
 global_map,93.7312 ,820
 global_map,93.738 ,840
 global_map,93.7344 ,860
 global_map,93.8368 ,880
 global_map,94.3252 ,900
 global_map,94.3632 ,920
 global_map,94.5348 ,940
 global_map,94.8572 ,960
 global_map,94.9708 ,980
 global_map,95.2464 ,1000
 global_map,95.2464 ,1020
 global_map,95.2484 ,1040
 global_map,95.2484 ,1060
 global_map,95.2116 ,1080
 global_map,95.3908 ,1100
 global_map,95.3908 ,1120
 global_map,95.3908 ,1140
 global_map,95.3908 ,1160
 global_map,95.3908 ,1180
 global_map,95.3908 ,1200
 global_map,95.3908 ,1220
 global_map,95.3912 ,1240
 global_map,95.3912 ,1260
 global_map,95.3912 ,1280
 global_map,95.3912 ,1300
 global_map,95.3912 ,1320
 global_map,95.3912 ,1340
 global_map,95.3912 ,1360
 global_map,95.3908 ,1380
 global_map,95.3916 ,1400
 global_map,95.4064 ,1420
 global_map,95.3972 ,1440
 global_map,95.4424 ,1460
 global_map,95.4424 ,1480
 The Test has finished on 2018-07-17 12:29:12 GMT time 

 ======================== 
 ======================== 
 
 
