
 
 
 ###################### 
 ###################### 

 This is the result of test on 2018-07-17 13:59:31 GMT time 

 global_map,0.0 ,0
 global_map,6.7508 ,20
 global_map,8.9984 ,40
 global_map,10.016 ,60
 global_map,11.2256 ,80
 global_map,18.366 ,100
 global_map,22.4056 ,120
 global_map,28.3956 ,140
 global_map,30.472 ,160
 global_map,33.7288 ,180
 global_map,37.782 ,200
 global_map,39.228 ,220
 global_map,43.198 ,240
 global_map,51.8964 ,260
 global_map,56.8812 ,280
 global_map,61.8452 ,300
 global_map,63.7348 ,320
 global_map,65.3136 ,340
 global_map,65.626 ,360
 global_map,67.3224 ,380
 global_map,69.6584 ,400
 global_map,70.742 ,420
 global_map,70.8152 ,440
 global_map,72.9972 ,460
 global_map,73.0996 ,480
 global_map,74.7592 ,500
 global_map,74.8064 ,520
 global_map,75.63 ,540
 global_map,75.9444 ,560
 global_map,76.2104 ,580
 global_map,76.4016 ,600
 global_map,76.46 ,620
 global_map,76.474 ,640
 global_map,76.5808 ,660
 global_map,77.0864 ,680
 global_map,77.1276 ,700
 global_map,77.5696 ,720
 global_map,77.7016 ,740
 global_map,79.5988 ,760
 global_map,81.7316 ,780
 global_map,83.0248 ,800
 global_map,87.8936 ,820
 global_map,88.5596 ,840
 global_map,91.2932 ,860
 global_map,96.4912 ,880
 global_map,97.1048 ,900
 global_map,97.2164 ,920
 global_map,97.5388 ,940
 global_map,98.9804 ,960
 global_map,99.5988 ,980
 global_map,99.6288 ,1000
 global_map,101.1804 ,1020
 global_map,101.5536 ,1040
 global_map,101.6248 ,1060
 global_map,101.6832 ,1080
 global_map,101.7196 ,1100
 global_map,101.842 ,1120
 global_map,101.9596 ,1140
 global_map,102.0788 ,1160
 global_map,102.0804 ,1180
 global_map,102.086 ,1200
 The Test has finished on 2018-07-17 15:06:52 GMT time 

 ======================== 
 ======================== 
 
 
