
 
 
 ###################### 
 ###################### 

 This is the result of test on 2018-07-17 10:01:01 GMT time 

 global_map,0.0 ,0
 global_map,6.7488 ,20
 global_map,6.7488 ,40
 global_map,8.8984 ,60
 global_map,9.7828 ,80
 global_map,11.4824 ,100
 global_map,12.5772 ,120
 global_map,15.1432 ,140
 global_map,19.4316 ,160
 global_map,21.1684 ,180
 global_map,22.2108 ,200
 global_map,25.7072 ,220
 global_map,35.9528 ,240
 global_map,41.2392 ,260
 global_map,42.0136 ,280
 global_map,48.0716 ,300
 global_map,52.3464 ,320
 global_map,55.7696 ,340
 global_map,56.0476 ,360
 global_map,58.666 ,380
 global_map,66.136 ,400
 global_map,66.9496 ,420
 global_map,70.0024 ,440
 global_map,70.0348 ,460
 global_map,70.7072 ,480
 global_map,71.6764 ,500
 global_map,74.9492 ,520
 global_map,75.6368 ,540
 global_map,77.2076 ,560
 global_map,77.7476 ,580
 global_map,77.9556 ,600
 global_map,78.0376 ,620
 global_map,82.9512 ,640
 global_map,85.726 ,660
 global_map,85.7856 ,680
 global_map,88.1972 ,700
 global_map,90.5436 ,720
 global_map,92.8392 ,740
 global_map,92.9124 ,760
 global_map,93.2272 ,780
 global_map,93.2604 ,800
 global_map,93.348 ,820
 global_map,93.762 ,840
 global_map,93.7624 ,860
 global_map,93.7624 ,880
 global_map,93.7624 ,900
 global_map,93.7748 ,920
 global_map,94.7712 ,940
 global_map,95.5456 ,960
 global_map,95.5456 ,980
 global_map,95.546 ,1000
 global_map,95.7528 ,1020
 global_map,95.8012 ,1040
 global_map,96.3364 ,1060
 global_map,95.9884 ,1080
 global_map,96.186 ,1100
 global_map,96.1924 ,1120
 The Test has finished on 2018-07-17 10:50:27 GMT time 

 ======================== 
 ======================== 
 
 
