
 
 
 ###################### 
 ###################### 

 This is the result of test on 2018-07-17 07:34:57 GMT time 

 global_map,0.0 ,0
 global_map,6.7488 ,20
 global_map,6.7488 ,40
 global_map,8.5732 ,60
 global_map,11.6424 ,80
 global_map,14.3968 ,100
 global_map,17.9264 ,120
 global_map,25.5036 ,140
 global_map,27.0308 ,160
 global_map,29.778 ,180
 global_map,35.2028 ,200
 global_map,36.9604 ,220
 global_map,42.344 ,240
 global_map,45.9804 ,260
 global_map,51.8176 ,280
 global_map,55.712 ,300
 global_map,61.988 ,320
 global_map,64.0808 ,340
 global_map,64.53 ,360
 global_map,65.3368 ,380
 global_map,67.1148 ,400
 global_map,78.3456 ,420
 global_map,80.9228 ,440
 global_map,82.0388 ,460
 global_map,84.5972 ,480
 global_map,89.5224 ,500
 global_map,90.0024 ,520
 global_map,90.9912 ,540
 global_map,91.1324 ,560
 global_map,91.44 ,580
 global_map,91.4824 ,600
 global_map,91.3652 ,620
 global_map,92.76 ,640
 global_map,93.0492 ,660
 global_map,93.4608 ,680
 global_map,94.8016 ,700
 global_map,94.9872 ,720
 global_map,95.4228 ,740
 global_map,96.3396 ,760
 global_map,96.4048 ,780
 global_map,97.3308 ,800
 global_map,97.3988 ,820
 global_map,98.4044 ,840
 global_map,98.5084 ,860
 global_map,98.5416 ,880
 global_map,98.5476 ,900
 global_map,98.6208 ,920
 global_map,98.8832 ,940
 global_map,99.3516 ,960
 global_map,99.4028 ,980
 global_map,99.426 ,1000
 global_map,99.426 ,1020
 global_map,99.4496 ,1040
 global_map,99.4644 ,1060
 global_map,99.4644 ,1080
 global_map,99.5668 ,1100
 global_map,99.5668 ,1120
 global_map,99.5668 ,1140
 The Test has finished on 2018-07-17 08:42:21 GMT time 

 ======================== 
 ======================== 
 
 
