
 
 
 ###################### 
 ###################### 

 This is the result of test on 2018-07-17 08:44:47 GMT time 

 global_map,0.0 ,0
 global_map,6.7488 ,20
 global_map,6.7488 ,40
 global_map,9.1016 ,60
 global_map,9.5464 ,80
 global_map,11.078 ,100
 global_map,13.2916 ,120
 global_map,19.106 ,140
 global_map,26.5068 ,160
 global_map,29.8736 ,180
 global_map,30.7232 ,200
 global_map,36.3908 ,220
 global_map,37.1496 ,240
 global_map,39.4432 ,260
 global_map,45.1752 ,280
 global_map,51.7196 ,300
 global_map,53.732 ,320
 global_map,54.1768 ,340
 global_map,62.4412 ,360
 global_map,63.9968 ,380
 global_map,65.0484 ,400
 global_map,65.2964 ,420
 global_map,66.3676 ,440
 global_map,66.3928 ,460
 global_map,70.5712 ,480
 global_map,71.2968 ,500
 global_map,75.9792 ,520
 global_map,78.4172 ,540
 global_map,79.1336 ,560
 global_map,82.8668 ,580
 global_map,83.0504 ,600
 global_map,87.4676 ,620
 global_map,88.1052 ,640
 global_map,88.2152 ,660
 global_map,88.7556 ,680
 global_map,89.8436 ,700
 global_map,90.3548 ,720
 global_map,90.4484 ,740
 global_map,91.1412 ,760
 global_map,91.1412 ,780
 global_map,91.4744 ,800
 global_map,92.8356 ,820
 global_map,93.4264 ,840
 global_map,93.4248 ,860
 global_map,93.4608 ,880
 global_map,93.9164 ,900
 global_map,94.994 ,920
 global_map,95.9184 ,940
 global_map,95.9184 ,960
 global_map,95.9352 ,980
 global_map,95.9352 ,1000
 global_map,96.172 ,1020
 global_map,96.7288 ,1040
 global_map,97.4548 ,1060
 global_map,97.9584 ,1080
 global_map,98.4504 ,1100
 global_map,98.6228 ,1120
 global_map,98.6228 ,1140
 global_map,98.6656 ,1160
 global_map,98.6776 ,1180
 global_map,98.7908 ,1200
 global_map,98.7908 ,1220
 The Test has finished on 2018-07-17 09:41:35 GMT time 

 ======================== 
 ======================== 
 
 
