
 
 
 ###################### 
 ###################### 

 This is the result of test on 2018-07-17 22:58:00 GMT time 

 global_map,0.0 ,0
 global_map,6.7724 ,20
 global_map,6.7724 ,40
 global_map,8.622 ,60
 global_map,9.5508 ,80
 global_map,15.8228 ,100
 global_map,17.8904 ,120
 global_map,19.114 ,140
 global_map,25.7912 ,160
 global_map,27.0584 ,180
 global_map,31.9772 ,200
 global_map,35.3448 ,220
 global_map,38.4912 ,240
 global_map,39.1892 ,260
 global_map,47.5228 ,280
 global_map,55.2828 ,300
 global_map,60.088 ,320
 global_map,61.52 ,340
 global_map,61.7552 ,360
 global_map,64.5248 ,380
 global_map,65.7324 ,400
 global_map,69.5004 ,420
 global_map,75.69 ,440
 global_map,77.4312 ,460
 global_map,81.7268 ,480
 global_map,85.21 ,500
 global_map,86.332 ,520
 global_map,88.7472 ,540
 global_map,89.4552 ,560
 global_map,90.7312 ,580
 global_map,90.9176 ,600
 global_map,92.6888 ,620
 global_map,93.19 ,640
 global_map,93.5512 ,660
 global_map,93.9472 ,680
 global_map,95.318 ,700
 global_map,95.3212 ,720
 global_map,95.4564 ,740
 global_map,95.4652 ,760
 global_map,95.4708 ,780
 global_map,95.8564 ,800
 global_map,95.8636 ,820
 global_map,95.974 ,840
 global_map,96.1896 ,860
 global_map,96.1912 ,880
 global_map,96.194 ,900
 global_map,96.2268 ,920
 global_map,96.5792 ,940
 global_map,96.5796 ,960
 global_map,97.158 ,980
 global_map,97.3476 ,1000
 global_map,97.36 ,1020
 global_map,97.36 ,1040
 global_map,97.3648 ,1060
 global_map,97.3628 ,1080
 global_map,100.0372 ,1100
 global_map,100.0704 ,1120
 The Test has finished on 2018-07-17 23:50:41 GMT time 

 ======================== 
 ======================== 
 
 
