
 
 
 ###################### 
 ###################### 

 This is the result of test on 2018-07-17 19:59:04 GMT time 

 global_map,0.0 ,0
 global_map,6.7488 ,20
 global_map,6.7488 ,40
 global_map,8.8344 ,60
 global_map,9.5352 ,80
 global_map,14.6964 ,100
 global_map,16.622 ,120
 global_map,18.1044 ,140
 global_map,25.3996 ,160
 global_map,29.6816 ,180
 global_map,33.1084 ,200
 global_map,36.0456 ,220
 global_map,37.5924 ,240
 global_map,39.1156 ,260
 global_map,44.6456 ,280
 global_map,50.3648 ,300
 global_map,54.1484 ,320
 global_map,59.2288 ,340
 global_map,59.8668 ,360
 global_map,60.2472 ,380
 global_map,62.4856 ,400
 global_map,62.5624 ,420
 global_map,62.6072 ,440
 global_map,63.72 ,460
 global_map,65.6228 ,480
 global_map,66.9676 ,500
 global_map,67.7088 ,520
 global_map,67.7224 ,540
 global_map,68.0116 ,560
 global_map,68.9732 ,580
 global_map,76.0804 ,600
 global_map,76.3256 ,620
 global_map,76.43 ,640
 global_map,78.1352 ,660
 global_map,78.178 ,680
 global_map,81.766 ,700
 global_map,82.2776 ,720
 global_map,83.0136 ,740
 global_map,85.9184 ,760
 global_map,86.8184 ,780
 global_map,86.8288 ,800
 global_map,87.226 ,820
 global_map,87.3616 ,840
 global_map,92.9308 ,860
 global_map,96.4468 ,880
 global_map,97.0872 ,900
 global_map,98.5296 ,920
 global_map,98.576 ,940
 global_map,98.8468 ,960
 global_map,98.906 ,980
 global_map,99.0784 ,1000
 global_map,99.1112 ,1020
 global_map,99.1512 ,1040
 global_map,99.1536 ,1060
 global_map,99.3308 ,1080
 global_map,99.3936 ,1100
 global_map,99.3952 ,1120
 global_map,99.4236 ,1140
 global_map,99.7192 ,1160
 global_map,99.7448 ,1180
 global_map,99.7476 ,1200
 global_map,99.7316 ,1220
 global_map,99.7768 ,1240
 The Test has finished on 2018-07-17 20:57:37 GMT time 

 ======================== 
 ======================== 
 
 
