
 
 
 ###################### 
 ###################### 

 This is the result of test on 2018-07-17 13:09:09 GMT time 

 global_map,0.0 ,0
 global_map,6.772 ,20
 global_map,6.772 ,40
 global_map,8.0964 ,60
 global_map,11.1548 ,80
 global_map,17.0344 ,100
 global_map,18.1064 ,120
 global_map,20.1488 ,140
 global_map,23.2756 ,160
 global_map,30.794 ,180
 global_map,35.5212 ,200
 global_map,38.2156 ,220
 global_map,42.772 ,240
 global_map,45.292 ,260
 global_map,46.318 ,280
 global_map,56.3432 ,300
 global_map,59.856 ,320
 global_map,60.7228 ,340
 global_map,62.9328 ,360
 global_map,65.566 ,380
 global_map,70.1124 ,400
 global_map,72.1792 ,420
 global_map,72.4872 ,440
 global_map,79.7188 ,460
 global_map,79.8772 ,480
 global_map,81.9348 ,500
 global_map,83.7844 ,520
 global_map,88.6812 ,540
 global_map,89.0412 ,560
 global_map,89.1928 ,580
 global_map,90.8504 ,600
 global_map,91.3056 ,620
 global_map,91.3636 ,640
 global_map,91.998 ,660
 global_map,92.1068 ,680
 global_map,92.702 ,700
 global_map,92.7036 ,720
 global_map,92.896 ,740
 global_map,92.8968 ,760
 global_map,92.9188 ,780
 global_map,92.9248 ,800
 global_map,92.9224 ,820
 global_map,92.9784 ,840
 global_map,93.7996 ,860
 global_map,93.8476 ,880
 global_map,93.9748 ,900
 global_map,95.7908 ,920
 global_map,96.1708 ,940
 global_map,96.8532 ,960
 global_map,97.0916 ,980
 global_map,97.1016 ,1000
 global_map,97.1084 ,1020
 global_map,97.122 ,1040
 The Test has finished on 2018-07-17 13:57:11 GMT time 

 ======================== 
 ======================== 
 
 
