
 
 
 ###################### 
 ###################### 

 This is the result of test on 2018-07-17 18:09:59 GMT time 

 global_map,0.0 ,0
 global_map,6.8136 ,20
 global_map,6.8136 ,40
 global_map,8.8512 ,60
 global_map,9.5888 ,80
 global_map,15.4864 ,100
 global_map,17.3256 ,120
 global_map,18.92 ,140
 global_map,27.7264 ,160
 global_map,31.0468 ,180
 global_map,33.6676 ,200
 global_map,36.4444 ,220
 global_map,40.6952 ,240
 global_map,44.1976 ,260
 global_map,50.1856 ,280
 global_map,55.3868 ,300
 global_map,60.6016 ,320
 global_map,62.8684 ,340
 global_map,64.426 ,360
 global_map,66.4892 ,380
 global_map,69.276 ,400
 global_map,72.4952 ,420
 global_map,74.2632 ,440
 global_map,74.6492 ,460
 global_map,76.7124 ,480
 global_map,78.4784 ,500
 global_map,80.1708 ,520
 global_map,84.6016 ,540
 global_map,84.6288 ,560
 global_map,88.1224 ,580
 global_map,88.868 ,600
 global_map,89.1184 ,620
 global_map,89.1992 ,640
 global_map,90.9864 ,660
 global_map,91.3248 ,680
 global_map,91.4176 ,700
 global_map,91.702 ,720
 global_map,91.7232 ,740
 global_map,92.9676 ,760
 global_map,93.2168 ,780
 global_map,93.5332 ,800
 global_map,93.5396 ,820
 global_map,93.6336 ,840
 global_map,93.9332 ,860
 global_map,94.3044 ,880
 global_map,95.2668 ,900
 global_map,95.4876 ,920
 global_map,95.5252 ,940
 global_map,96.7492 ,960
 global_map,96.8824 ,980
 global_map,96.0648 ,1000
 global_map,96.0684 ,1020
 global_map,96.0684 ,1040
 global_map,96.5416 ,1060
 global_map,97.2944 ,1080
 global_map,97.5872 ,1100
 global_map,97.6104 ,1120
 global_map,97.6168 ,1140
 global_map,97.6288 ,1160
 global_map,97.8648 ,1180
 global_map,97.8956 ,1200
 global_map,97.9736 ,1220
 global_map,97.9844 ,1240
 global_map,98.0188 ,1260
 global_map,98.0484 ,1280
 global_map,98.0484 ,1300
 global_map,98.0484 ,1320
 global_map,98.0516 ,1340
 global_map,98.0884 ,1360
 global_map,98.0884 ,1380
 global_map,98.0884 ,1400
 global_map,98.09 ,1420
 global_map,98.09 ,1440
 global_map,98.09 ,1460
 global_map,98.09 ,1480
 The Test has finished on 2018-07-17 19:55:54 GMT time 

 ======================== 
 ======================== 
 
 
