
 
 
 ###################### 
 ###################### 

 This is the result of test on 2018-07-17 21:00:34 GMT time 

 global_map,0.0 ,0
 global_map,6.7488 ,20
 global_map,6.7488 ,40
 global_map,8.6884 ,60
 global_map,9.4396 ,80
 global_map,14.2064 ,100
 global_map,17.9856 ,120
 global_map,19.7572 ,140
 global_map,26.3608 ,160
 global_map,28.458 ,180
 global_map,29.4256 ,200
 global_map,31.9324 ,220
 global_map,34.2808 ,240
 global_map,36.6768 ,260
 global_map,39.2712 ,280
 global_map,43.9692 ,300
 global_map,50.312 ,320
 global_map,51.9276 ,340
 global_map,58.5976 ,360
 global_map,61.4544 ,380
 global_map,61.53 ,400
 global_map,63.7876 ,420
 global_map,63.8852 ,440
 global_map,64.1616 ,460
 global_map,75.2424 ,480
 global_map,80.1788 ,500
 global_map,80.6452 ,520
 global_map,84.0848 ,540
 global_map,84.91 ,560
 global_map,85.576 ,580
 global_map,87.7344 ,600
 global_map,89.22 ,620
 global_map,89.406 ,640
 global_map,88.5324 ,660
 global_map,89.15 ,680
 global_map,90.5 ,700
 global_map,91.1228 ,720
 global_map,91.1388 ,740
 global_map,91.5724 ,760
 global_map,91.5784 ,780
 global_map,91.5772 ,800
 global_map,93.6508 ,820
 global_map,93.7464 ,840
 global_map,94.2428 ,860
 global_map,94.2536 ,880
 global_map,94.2536 ,900
 global_map,94.2536 ,920
 global_map,94.2716 ,940
 global_map,94.518 ,960
 global_map,94.8484 ,980
 global_map,94.8996 ,1000
 global_map,95.6304 ,1020
 global_map,95.6296 ,1040
 global_map,95.6296 ,1060
 global_map,95.6296 ,1080
 global_map,95.8036 ,1100
 global_map,95.8132 ,1120
 global_map,95.8744 ,1140
 global_map,95.94 ,1160
 global_map,96.2804 ,1180
 global_map,96.2936 ,1200
 global_map,96.9008 ,1220
 global_map,96.9008 ,1240
 global_map,96.9008 ,1260
 global_map,96.9008 ,1280
 global_map,97.0412 ,1300
 global_map,97.3508 ,1320
 The Test has finished on 2018-07-17 21:53:35 GMT time 

 ======================== 
 ======================== 
 
 
