
 
 
 ###################### 
 ###################### 

 This is the result of test on 2018-08-01 17:43:15 GMT time 

 global_map,0.0 ,0
 global_map,8.3134 ,20
 global_map,8.3134 ,40
 global_map,8.6187 ,60
 global_map,9.5231 ,80
 global_map,9.7132 ,100
 global_map,11.4184 ,120
 global_map,11.7033 ,140
 global_map,15.3945 ,160
 global_map,16.8254 ,180
 global_map,21.549 ,200
 global_map,23.2794 ,220
 global_map,23.6208 ,240
 global_map,25.1953 ,260
 global_map,28.8042 ,280
 global_map,30.7583 ,300
 global_map,31.1589 ,320
 global_map,32.5904 ,340
 global_map,33.5656 ,360
 global_map,33.5875 ,380
 global_map,34.1648 ,400
 global_map,34.2165 ,420
 global_map,35.5617 ,440
 global_map,36.1917 ,460
 global_map,36.3568 ,480
 global_map,37.6811 ,500
 global_map,39.458 ,520
 global_map,42.0233 ,540
 global_map,42.5651 ,560
 global_map,42.5967 ,580
 global_map,43.0395 ,600
 global_map,43.095 ,620
 global_map,44.5999 ,640
 global_map,44.5999 ,660
 global_map,44.6014 ,680
 global_map,44.6068 ,700
 global_map,46.0247 ,720
 global_map,48.6737 ,740
 global_map,49.1183 ,760
 global_map,50.8037 ,780
 global_map,50.8647 ,800
 global_map,51.5677 ,820
 global_map,52.1343 ,840
 global_map,52.3406 ,860
 global_map,55.4918 ,880
 global_map,55.787 ,900
 global_map,57.9959 ,920
 global_map,58.0622 ,940
 global_map,58.7656 ,960
 global_map,58.7659 ,980
 global_map,58.905 ,1000
 global_map,58.9152 ,1020
 global_map,59.0827 ,1040
 global_map,61.1319 ,1060
 global_map,61.2443 ,1080
 global_map,62.2063 ,1100
 global_map,62.2063 ,1120
 global_map,62.2767 ,1140
 global_map,62.2767 ,1160
 global_map,62.8126 ,1180
 global_map,62.9093 ,1200
 global_map,63.0013 ,1220
 global_map,64.2145 ,1240
 global_map,64.2313 ,1260
 global_map,65.3159 ,1280
 global_map,65.3168 ,1300
 global_map,65.3286 ,1320
 global_map,65.3286 ,1340
 global_map,66.6257 ,1360
 global_map,66.7599 ,1380
 global_map,68.1391 ,1400
 global_map,68.1391 ,1420
 global_map,68.3407 ,1440
 global_map,68.3407 ,1460
 global_map,68.3408 ,1480
 The Test has finished on 2018-08-01 19:17:28 GMT time 

 ======================== 
 ======================== 
 
 
