
 
 
 ###################### 
 ###################### 

 This is the result of test on 2018-08-01 09:11:15 GMT time 

 global_map,0.0 ,0
 global_map,8.3124 ,20
 global_map,8.3124 ,40
 global_map,8.8919 ,60
 global_map,10.7655 ,80
 global_map,12.0501 ,100
 global_map,13.2419 ,120
 global_map,14.0782 ,140
 global_map,14.2296 ,160
 global_map,14.7356 ,180
 global_map,15.5878 ,200
 global_map,18.1639 ,220
 global_map,21.4073 ,240
 global_map,22.142 ,260
 global_map,22.7442 ,280
 global_map,22.8996 ,300
 global_map,24.1826 ,320
 global_map,26.5301 ,340
 global_map,27.9377 ,360
 global_map,28.0213 ,380
 global_map,28.0213 ,400
 global_map,29.5475 ,420
 global_map,33.0943 ,440
 global_map,38.2001 ,460
 global_map,38.7304 ,480
 global_map,40.537 ,500
 global_map,44.4076 ,520
 global_map,46.4016 ,540
 global_map,46.5388 ,560
 global_map,47.2652 ,580
 global_map,47.9426 ,600
 global_map,48.6267 ,620
 global_map,49.2052 ,640
 global_map,50.7262 ,660
 global_map,50.7342 ,680
 global_map,52.8475 ,700
 global_map,54.6601 ,720
 global_map,54.9727 ,740
 global_map,54.9807 ,760
 global_map,55.2197 ,780
 global_map,55.6734 ,800
 global_map,56.0231 ,820
 global_map,56.1821 ,840
 global_map,56.1821 ,860
 global_map,56.379 ,880
 global_map,56.4143 ,900
 global_map,56.4183 ,920
 global_map,57.3383 ,940
 global_map,57.3496 ,960
 global_map,57.3496 ,980
 global_map,57.9056 ,1000
 global_map,57.9223 ,1020
 global_map,57.9356 ,1040
 global_map,57.9356 ,1060
 global_map,58.5365 ,1080
 global_map,58.6798 ,1100
 global_map,58.6798 ,1120
 global_map,59.2176 ,1140
 global_map,59.2176 ,1160
 global_map,59.2286 ,1180
 global_map,59.2339 ,1200
 global_map,59.5269 ,1220
 global_map,60.0633 ,1240
 global_map,60.0661 ,1260
 global_map,61.9844 ,1280
 global_map,62.7721 ,1300
 global_map,63.6249 ,1320
 global_map,63.7051 ,1340
 global_map,64.3171 ,1360
 global_map,64.5118 ,1380
 global_map,64.5118 ,1400
 global_map,64.6341 ,1420
 global_map,64.6419 ,1440
 global_map,64.6419 ,1460
 global_map,64.6591 ,1480
 The Test has finished on 2018-08-01 10:29:50 GMT time 

 ======================== 
 ======================== 
 
 
