
 
 
 ###################### 
 ###################### 

 This is the result of test on 2018-08-02 08:28:07 GMT time 

 global_map,0.0 ,0
 global_map,8.3065 ,20
 global_map,8.3065 ,40
 global_map,9.6591 ,60
 global_map,10.8293 ,80
 global_map,11.7438 ,100
 global_map,15.625 ,120
 global_map,16.3502 ,140
 global_map,18.0621 ,160
 global_map,20.8104 ,180
 global_map,22.6936 ,200
 global_map,24.6245 ,220
 global_map,24.7184 ,240
 global_map,26.4619 ,260
 global_map,26.4986 ,280
 global_map,26.608 ,300
 global_map,28.5407 ,320
 global_map,30.3464 ,340
 global_map,33.1892 ,360
 global_map,34.1243 ,380
 global_map,34.4419 ,400
 global_map,35.3381 ,420
 global_map,35.5247 ,440
 global_map,36.145 ,460
 global_map,37.7255 ,480
 global_map,38.9073 ,500
 global_map,40.9003 ,520
 global_map,40.9764 ,540
 global_map,41.7531 ,560
 global_map,43.9762 ,580
 global_map,44.1117 ,600
 global_map,47.3698 ,620
 global_map,47.4011 ,640
 global_map,48.7707 ,660
 global_map,49.162 ,680
 global_map,50.7595 ,700
 global_map,52.4393 ,720
 global_map,52.9464 ,740
 global_map,53.6139 ,760
 global_map,53.9507 ,780
 global_map,54.4077 ,800
 global_map,54.4077 ,820
 global_map,54.9691 ,840
 global_map,54.9742 ,860
 global_map,54.991 ,880
 global_map,55.029 ,900
 global_map,55.2269 ,920
 global_map,57.1857 ,940
 global_map,57.2268 ,960
 global_map,57.9055 ,980
 global_map,57.9212 ,1000
 global_map,58.0888 ,1020
 global_map,58.6079 ,1040
 global_map,60.8232 ,1060
 global_map,60.9428 ,1080
 global_map,62.1146 ,1100
 global_map,66.1208 ,1120
 global_map,67.0185 ,1140
 global_map,67.1721 ,1160
 global_map,67.4402 ,1180
 global_map,71.6729 ,1200
 global_map,71.6877 ,1220
 global_map,71.816 ,1240
 global_map,71.817 ,1260
 global_map,71.9117 ,1280
 global_map,72.1665 ,1300
 global_map,72.1665 ,1320
 global_map,72.7755 ,1340
 global_map,72.7897 ,1360
 global_map,73.698 ,1380
 global_map,73.9193 ,1400
 global_map,73.9356 ,1420
 global_map,75.0296 ,1440
 global_map,75.3902 ,1460
 global_map,75.3902 ,1480
 The Test has finished on 2018-08-02 09:58:54 GMT time 

 ======================== 
 ======================== 
 
 
