
 
 
 ###################### 
 ###################### 

 This is the result of test on 2018-08-03 15:22:07 GMT time 

 global_map,0.0 ,0
 global_map,8.3131 ,20
 global_map,8.3131 ,40
 global_map,8.3725 ,60
 global_map,10.6198 ,80
 global_map,11.5534 ,100
 global_map,12.7931 ,120
 global_map,14.2656 ,140
 global_map,14.6563 ,160
 global_map,14.7038 ,180
 global_map,16.2635 ,200
 global_map,18.2624 ,220
 global_map,20.0298 ,240
 global_map,20.928 ,260
 global_map,20.928 ,280
 global_map,25.5467 ,300
 global_map,26.0913 ,320
 global_map,26.8477 ,340
 global_map,29.524 ,360
 global_map,30.5544 ,380
 global_map,34.6545 ,400
 global_map,38.2141 ,420
 global_map,38.4159 ,440
 global_map,40.1019 ,460
 global_map,43.1742 ,480
 global_map,43.1807 ,500
 global_map,43.8678 ,520
 global_map,43.8829 ,540
 global_map,44.3006 ,560
 global_map,44.3837 ,580
 global_map,45.9375 ,600
 global_map,46.5524 ,620
 global_map,46.9258 ,640
 global_map,47.8062 ,660
 global_map,47.8139 ,680
 global_map,48.6416 ,700
 global_map,49.1834 ,720
 global_map,50.208 ,740
 global_map,50.7728 ,760
 global_map,53.3016 ,780
 global_map,53.3158 ,800
 global_map,53.7189 ,820
 global_map,55.6482 ,840
 global_map,55.6482 ,860
 global_map,56.8471 ,880
 global_map,56.9248 ,900
 global_map,58.9479 ,920
 global_map,59.5168 ,940
 global_map,59.5364 ,960
 global_map,60.138 ,980
 global_map,60.2764 ,1000
 global_map,60.2764 ,1020
 global_map,61.5112 ,1040
 global_map,61.5879 ,1060
 global_map,61.5879 ,1080
 global_map,61.5879 ,1100
 global_map,64.9795 ,1120
 global_map,65.0048 ,1140
 global_map,65.3361 ,1160
 global_map,65.3636 ,1180
 global_map,65.4608 ,1200
 global_map,65.4847 ,1220
 global_map,65.9845 ,1240
 global_map,65.9845 ,1260
 global_map,65.9845 ,1280
 global_map,66.1244 ,1300
 global_map,66.6189 ,1320
 global_map,67.0009 ,1340
 global_map,67.0009 ,1360
 global_map,67.3463 ,1380
 global_map,67.5697 ,1400
 global_map,67.5697 ,1420
 global_map,68.0311 ,1440
 global_map,68.0327 ,1460
 global_map,70.2776 ,1480
 The Test has finished on 2018-08-03 17:52:41 GMT time 

 ======================== 
 ======================== 
 
 
