
 
 
 ###################### 
 ###################### 

 This is the result of test on 2018-08-01 19:20:39 GMT time 

 global_map,0.0 ,0
 global_map,8.3051 ,20
 global_map,8.3051 ,40
 global_map,8.5626 ,60
 global_map,9.6998 ,80
 global_map,10.2326 ,100
 global_map,10.755 ,120
 global_map,11.1302 ,140
 global_map,14.4647 ,160
 global_map,15.9704 ,180
 global_map,17.5523 ,200
 global_map,18.8041 ,220
 global_map,22.4176 ,240
 global_map,23.7691 ,260
 global_map,27.3285 ,280
 global_map,28.0877 ,300
 global_map,31.9888 ,320
 global_map,34.1412 ,340
 global_map,36.0687 ,360
 global_map,37.6623 ,380
 global_map,38.8101 ,400
 global_map,39.1905 ,420
 global_map,41.3367 ,440
 global_map,43.8797 ,460
 global_map,45.3448 ,480
 global_map,45.7609 ,500
 global_map,46.4879 ,520
 global_map,48.4501 ,540
 global_map,50.2812 ,560
 global_map,50.4351 ,580
 global_map,50.4393 ,600
 global_map,50.9789 ,620
 global_map,52.0938 ,640
 global_map,53.3999 ,660
 global_map,53.3999 ,680
 global_map,54.0391 ,700
 global_map,54.0622 ,720
 global_map,54.1262 ,740
 global_map,55.424 ,760
 global_map,55.5263 ,780
 global_map,57.3824 ,800
 global_map,57.8247 ,820
 global_map,57.8247 ,840
 global_map,57.898 ,860
 global_map,58.6861 ,880
 global_map,58.8542 ,900
 global_map,58.969 ,920
 global_map,59.0073 ,940
 global_map,60.3644 ,960
 global_map,60.453 ,980
 global_map,60.518 ,1000
 global_map,60.6055 ,1020
 global_map,61.1268 ,1040
 global_map,61.1955 ,1060
 global_map,61.1955 ,1080
 global_map,61.7069 ,1100
 global_map,61.8073 ,1120
 global_map,62.0048 ,1140
 global_map,62.0057 ,1160
 global_map,62.048 ,1180
 global_map,63.5978 ,1200
 global_map,63.5978 ,1220
 global_map,63.7649 ,1240
 global_map,63.7723 ,1260
 global_map,63.7724 ,1280
 global_map,64.2064 ,1300
 global_map,64.2064 ,1320
 global_map,64.3782 ,1340
 global_map,64.3782 ,1360
 global_map,64.7282 ,1380
 global_map,64.8952 ,1400
 global_map,64.8954 ,1420
 global_map,65.2093 ,1440
 global_map,65.226 ,1460
 global_map,65.226 ,1480
 The Test has finished on 2018-08-01 20:39:40 GMT time 

 ======================== 
 ======================== 
 
 
