
 
 
 ###################### 
 ###################### 

 This is the result of test on 2018-08-03 17:54:53 GMT time 

 global_map,0.0 ,0
 global_map,8.3125 ,20
 global_map,8.3125 ,40
 global_map,8.4989 ,60
 global_map,10.1345 ,80
 global_map,11.6052 ,100
 global_map,11.832 ,120
 global_map,13.0118 ,140
 global_map,15.9145 ,160
 global_map,16.2225 ,180
 global_map,18.437 ,200
 global_map,20.0318 ,220
 global_map,23.0181 ,240
 global_map,23.3893 ,260
 global_map,23.3915 ,280
 global_map,23.4143 ,300
 global_map,23.4278 ,320
 global_map,29.8817 ,340
 global_map,30.3405 ,360
 global_map,30.4708 ,380
 global_map,33.2392 ,400
 global_map,34.166 ,420
 global_map,35.1126 ,440
 global_map,36.3851 ,460
 global_map,38.4696 ,480
 global_map,39.8196 ,500
 global_map,40.2292 ,520
 global_map,40.9826 ,540
 global_map,41.6108 ,560
 global_map,42.3121 ,580
 global_map,43.3279 ,600
 global_map,44.4421 ,620
 global_map,44.4909 ,640
 global_map,44.784 ,660
 global_map,45.8589 ,680
 global_map,46.5997 ,700
 global_map,47.9997 ,720
 global_map,48.2346 ,740
 global_map,48.3987 ,760
 global_map,48.4114 ,780
 global_map,48.4264 ,800
 global_map,48.4559 ,820
 global_map,48.4841 ,840
 global_map,48.4841 ,860
 global_map,48.5643 ,880
 global_map,48.6384 ,900
 global_map,48.9169 ,920
 global_map,49.2585 ,940
 global_map,49.2585 ,960
 global_map,49.3087 ,980
 global_map,50.2368 ,1000
 global_map,50.9679 ,1020
 global_map,51.4705 ,1040
 global_map,52.0868 ,1060
 global_map,56.4241 ,1080
 global_map,56.5515 ,1100
 global_map,56.5959 ,1120
 global_map,59.2789 ,1140
 global_map,59.8193 ,1160
 global_map,60.4501 ,1180
 global_map,60.9071 ,1200
 global_map,61.7782 ,1220
 global_map,62.2185 ,1240
 global_map,62.2185 ,1260
 global_map,63.57 ,1280
 global_map,63.8335 ,1300
 global_map,64.1594 ,1320
 global_map,64.2782 ,1340
 global_map,64.5367 ,1360
 global_map,65.906 ,1380
 global_map,65.9352 ,1400
 global_map,67.2806 ,1420
 global_map,67.3303 ,1440
 global_map,67.4268 ,1460
 global_map,67.4268 ,1480
 The Test has finished on 2018-08-03 19:37:34 GMT time 

 ======================== 
 ======================== 
 
 
