
 
 
 ###################### 
 ###################### 

 This is the result of test on 2018-08-03 10:11:03 GMT time 

 global_map,0.0 ,0
 global_map,8.3049 ,20
 global_map,8.3049 ,40
 global_map,8.6102 ,60
 global_map,10.173 ,80
 global_map,10.9313 ,100
 global_map,11.1669 ,120
 global_map,11.8041 ,140
 global_map,12.1879 ,160
 global_map,14.6911 ,180
 global_map,17.499 ,200
 global_map,19.3013 ,220
 global_map,22.2039 ,240
 global_map,22.9989 ,260
 global_map,23.2626 ,280
 global_map,23.2626 ,300
 global_map,23.3622 ,320
 global_map,23.9228 ,340
 global_map,25.9379 ,360
 global_map,25.9379 ,380
 global_map,29.1834 ,400
 global_map,29.2395 ,420
 global_map,30.4482 ,440
 global_map,36.303 ,460
 global_map,36.5344 ,480
 global_map,37.5454 ,500
 global_map,42.4697 ,520
 global_map,42.5549 ,540
 global_map,43.157 ,560
 global_map,44.4094 ,580
 global_map,47.1543 ,600
 global_map,47.2197 ,620
 global_map,47.5308 ,640
 global_map,48.463 ,660
 global_map,48.7307 ,680
 global_map,49.497 ,700
 global_map,51.4346 ,720
 global_map,51.8347 ,740
 global_map,53.714 ,760
 global_map,55.5599 ,780
 global_map,57.3777 ,800
 global_map,58.0026 ,820
 global_map,59.4594 ,840
 global_map,60.0071 ,860
 global_map,60.2453 ,880
 global_map,60.3126 ,900
 global_map,60.376 ,920
 global_map,60.4218 ,940
 global_map,60.4218 ,960
 global_map,60.4218 ,980
 global_map,60.4878 ,1000
 global_map,60.4878 ,1020
 global_map,60.5876 ,1040
 global_map,60.5876 ,1060
 global_map,61.1751 ,1080
 global_map,61.3865 ,1100
 global_map,61.4165 ,1120
 global_map,61.4165 ,1140
 global_map,62.3797 ,1160
 global_map,62.4639 ,1180
 global_map,62.6039 ,1200
 global_map,62.6039 ,1220
 global_map,63.2348 ,1240
 global_map,63.4045 ,1260
 global_map,64.4684 ,1280
 global_map,64.4684 ,1300
 global_map,65.3356 ,1320
 global_map,65.392 ,1340
 global_map,65.392 ,1360
 global_map,66.3687 ,1380
 global_map,66.3687 ,1400
 global_map,66.4894 ,1420
 global_map,66.4896 ,1440
 global_map,66.4896 ,1460
 global_map,66.5941 ,1480
 The Test has finished on 2018-08-03 13:56:22 GMT time 

 ======================== 
 ======================== 
 
 
