
 
 
 ###################### 
 ###################### 

 This is the result of test on 2018-08-01 14:45:10 GMT time 

 global_map,0.0 ,0
 global_map,8.3087 ,20
 global_map,8.3087 ,40
 global_map,9.0807 ,60
 global_map,10.4991 ,80
 global_map,10.6709 ,100
 global_map,11.5241 ,120
 global_map,11.7591 ,140
 global_map,13.8604 ,160
 global_map,14.7099 ,180
 global_map,18.4504 ,200
 global_map,19.9614 ,220
 global_map,20.7958 ,240
 global_map,21.0899 ,260
 global_map,21.5509 ,280
 global_map,22.7908 ,300
 global_map,27.3264 ,320
 global_map,28.0663 ,340
 global_map,28.6785 ,360
 global_map,29.8038 ,380
 global_map,32.3229 ,400
 global_map,33.2484 ,420
 global_map,36.5486 ,440
 global_map,38.2561 ,460
 global_map,40.8001 ,480
 global_map,41.6941 ,500
 global_map,42.7105 ,520
 global_map,45.4675 ,540
 global_map,47.238 ,560
 global_map,47.2448 ,580
 global_map,47.3039 ,600
 global_map,48.1099 ,620
 global_map,48.6804 ,640
 global_map,50.0572 ,660
 global_map,51.6494 ,680
 global_map,51.6703 ,700
 global_map,52.2132 ,720
 global_map,52.2381 ,740
 global_map,52.9942 ,760
 global_map,53.5609 ,780
 global_map,54.2616 ,800
 global_map,54.8279 ,820
 global_map,55.0185 ,840
 global_map,55.0231 ,860
 global_map,55.3048 ,880
 global_map,55.4921 ,900
 global_map,55.5014 ,920
 global_map,55.5014 ,940
 global_map,57.4381 ,960
 global_map,57.4381 ,980
 global_map,57.4381 ,1000
 global_map,58.5643 ,1020
 global_map,60.7392 ,1040
 global_map,60.7392 ,1060
 global_map,61.19 ,1080
 global_map,62.6743 ,1100
 global_map,62.6743 ,1120
 global_map,62.7929 ,1140
 global_map,63.0766 ,1160
 global_map,63.0766 ,1180
 global_map,63.7766 ,1200
 global_map,63.881 ,1220
 global_map,63.881 ,1240
 global_map,63.881 ,1260
 global_map,63.881 ,1280
 global_map,65.0463 ,1300
 global_map,65.0463 ,1320
 global_map,65.4291 ,1340
 global_map,65.4291 ,1360
 global_map,65.4867 ,1380
 global_map,65.4867 ,1400
 global_map,65.7134 ,1420
 global_map,65.7895 ,1440
 global_map,66.472 ,1460
 global_map,66.472 ,1480
 The Test has finished on 2018-08-01 17:40:49 GMT time 

 ======================== 
 ======================== 
 
 
