
 
 
 ###################### 
 ###################### 

 This is the result of test on 2018-08-02 15:56:31 GMT time 

 global_map,0.0 ,0
 global_map,8.3102 ,20
 global_map,8.3102 ,40
 global_map,8.7514 ,60
 global_map,10.2626 ,80
 global_map,10.4013 ,100
 global_map,12.4174 ,120
 global_map,15.0585 ,140
 global_map,16.9749 ,160
 global_map,19.1796 ,180
 global_map,19.4631 ,200
 global_map,20.5323 ,220
 global_map,20.8502 ,240
 global_map,22.5151 ,260
 global_map,24.0707 ,280
 global_map,25.272 ,300
 global_map,25.3907 ,320
 global_map,25.9538 ,340
 global_map,26.982 ,360
 global_map,32.5294 ,380
 global_map,35.3015 ,400
 global_map,37.0217 ,420
 global_map,38.6765 ,440
 global_map,40.5463 ,460
 global_map,40.664 ,480
 global_map,40.9347 ,500
 global_map,41.5645 ,520
 global_map,42.0415 ,540
 global_map,42.1289 ,560
 global_map,43.5598 ,580
 global_map,43.6498 ,600
 global_map,45.3174 ,620
 global_map,45.7465 ,640
 global_map,46.4661 ,660
 global_map,47.3607 ,680
 global_map,47.6689 ,700
 global_map,48.4597 ,720
 global_map,48.5175 ,740
 global_map,48.6554 ,760
 global_map,48.9922 ,780
 global_map,49.2816 ,800
 global_map,49.955 ,820
 global_map,50.0311 ,840
 global_map,52.3696 ,860
 global_map,54.0185 ,880
 global_map,54.9717 ,900
 global_map,54.9921 ,920
 global_map,55.6348 ,940
 global_map,56.4182 ,960
 global_map,57.3563 ,980
 global_map,59.9583 ,1000
 global_map,60.5444 ,1020
 global_map,60.5444 ,1040
 global_map,60.5444 ,1060
 global_map,60.578 ,1080
 global_map,62.6246 ,1100
 global_map,63.3143 ,1120
 global_map,63.3143 ,1140
 global_map,63.3179 ,1160
 global_map,63.3542 ,1180
 global_map,63.3543 ,1200
 global_map,63.3587 ,1220
 global_map,64.2269 ,1240
 global_map,64.369 ,1260
 global_map,64.381 ,1280
 global_map,64.87 ,1300
 global_map,64.9188 ,1320
 global_map,64.9188 ,1340
 global_map,65.2097 ,1360
 global_map,65.2097 ,1380
 global_map,65.2409 ,1400
 global_map,65.2409 ,1420
 global_map,65.2739 ,1440
 global_map,65.2739 ,1460
 global_map,65.2739 ,1480
 The Test has finished on 2018-08-02 18:06:13 GMT time 

 ======================== 
 ======================== 
 
 
