
 
 
 ###################### 
 ###################### 

 This is the result of test on 2018-08-02 10:06:30 GMT time 

 global_map,0.0 ,0
 global_map,8.2948 ,20
 global_map,8.2948 ,40
 global_map,8.4711 ,60
 global_map,9.6939 ,80
 global_map,9.8675 ,100
 global_map,10.1526 ,120
 global_map,11.4349 ,140
 global_map,14.1691 ,160
 global_map,15.3406 ,180
 global_map,18.1924 ,200
 global_map,21.3812 ,220
 global_map,21.9253 ,240
 global_map,24.7591 ,260
 global_map,25.5475 ,280
 global_map,27.0892 ,300
 global_map,28.3286 ,320
 global_map,29.9307 ,340
 global_map,31.6519 ,360
 global_map,32.5395 ,380
 global_map,33.9581 ,400
 global_map,35.5708 ,420
 global_map,38.6539 ,440
 global_map,38.6539 ,460
 global_map,40.143 ,480
 global_map,41.4928 ,500
 global_map,41.7744 ,520
 global_map,41.8111 ,540
 global_map,42.9664 ,560
 global_map,42.9664 ,580
 global_map,46.0833 ,600
 global_map,47.149 ,620
 global_map,47.4713 ,640
 global_map,47.8282 ,660
 global_map,47.8955 ,680
 global_map,49.2132 ,700
 global_map,49.7849 ,720
 global_map,49.7849 ,740
 global_map,51.8646 ,760
 global_map,51.8648 ,780
 global_map,52.0198 ,800
 global_map,52.4205 ,820
 global_map,52.5298 ,840
 global_map,52.7774 ,860
 global_map,53.6347 ,880
 global_map,54.0453 ,900
 global_map,55.5058 ,920
 global_map,55.54 ,940
 global_map,56.282 ,960
 global_map,56.5643 ,980
 global_map,57.5991 ,1000
 global_map,58.0404 ,1020
 global_map,60.5354 ,1040
 global_map,63.6641 ,1060
 global_map,65.302 ,1080
 global_map,65.561 ,1100
 global_map,66.2532 ,1120
 global_map,66.3141 ,1140
 global_map,66.3752 ,1160
 global_map,66.8389 ,1180
 global_map,67.6148 ,1200
 global_map,67.6148 ,1220
 global_map,67.6587 ,1240
 global_map,67.689 ,1260
 global_map,68.9294 ,1280
 global_map,69.5249 ,1300
 global_map,69.5359 ,1320
 global_map,69.543 ,1340
 global_map,70.4165 ,1360
 global_map,70.4165 ,1380
 global_map,70.4165 ,1400
 global_map,70.4165 ,1420
 global_map,70.6186 ,1440
 global_map,70.6186 ,1460
 global_map,70.6546 ,1480
 The Test has finished on 2018-08-02 11:35:47 GMT time 

 ======================== 
 ======================== 
 
 
