
 
 
 ###################### 
 ###################### 

 This is the result of test on 2018-08-01 20:47:16 GMT time 

 global_map,0.0 ,0
 global_map,8.3086 ,20
 global_map,8.3086 ,40
 global_map,9.6103 ,60
 global_map,10.4213 ,80
 global_map,11.1851 ,100
 global_map,11.5553 ,120
 global_map,11.8752 ,140
 global_map,12.9383 ,160
 global_map,13.584 ,180
 global_map,18.4115 ,200
 global_map,20.5377 ,220
 global_map,23.2971 ,240
 global_map,23.6281 ,260
 global_map,25.006 ,280
 global_map,27.3216 ,300
 global_map,27.3641 ,320
 global_map,28.0796 ,340
 global_map,28.6294 ,360
 global_map,30.1016 ,380
 global_map,31.4826 ,400
 global_map,32.6847 ,420
 global_map,33.3163 ,440
 global_map,34.4117 ,460
 global_map,36.62 ,480
 global_map,38.5649 ,500
 global_map,39.7994 ,520
 global_map,39.9637 ,540
 global_map,40.6143 ,560
 global_map,40.7081 ,580
 global_map,40.7089 ,600
 global_map,42.7089 ,620
 global_map,44.3001 ,640
 global_map,46.3528 ,660
 global_map,47.9362 ,680
 global_map,48.9216 ,700
 global_map,48.942 ,720
 global_map,48.9564 ,740
 global_map,49.8791 ,760
 global_map,49.9831 ,780
 global_map,50.9135 ,800
 global_map,51.4713 ,820
 global_map,51.9036 ,840
 global_map,51.9388 ,860
 global_map,52.0024 ,880
 global_map,52.0024 ,900
 global_map,52.2199 ,920
 global_map,54.3077 ,940
 global_map,54.3077 ,960
 global_map,54.402 ,980
 global_map,54.5348 ,1000
 global_map,55.5175 ,1020
 global_map,55.6251 ,1040
 global_map,55.6633 ,1060
 global_map,55.788 ,1080
 global_map,55.8014 ,1100
 global_map,56.0907 ,1120
 global_map,57.1593 ,1140
 global_map,57.9624 ,1160
 global_map,58.6489 ,1180
 global_map,59.6773 ,1200
 global_map,59.7753 ,1220
 global_map,60.4349 ,1240
 global_map,60.5261 ,1260
 global_map,61.2882 ,1280
 global_map,61.6646 ,1300
 global_map,61.6739 ,1320
 global_map,62.161 ,1340
 global_map,62.182 ,1360
 global_map,62.2511 ,1380
 global_map,62.4843 ,1400
 global_map,62.6995 ,1420
 global_map,63.3923 ,1440
 global_map,63.3923 ,1460
 global_map,63.9744 ,1480
 The Test has finished on 2018-08-02 05:24:57 GMT time 

 ======================== 
 ======================== 
 
 
