
 
 
 ###################### 
 ###################### 

 This is the result of test on 2018-08-02 07:07:10 GMT time 

 global_map,0.0 ,0
 global_map,8.3118 ,20
 global_map,8.3118 ,40
 global_map,8.5388 ,60
 global_map,9.9496 ,80
 global_map,10.0979 ,100
 global_map,10.182 ,120
 global_map,10.9891 ,140
 global_map,13.9446 ,160
 global_map,14.4578 ,180
 global_map,15.1103 ,200
 global_map,17.5045 ,220
 global_map,21.3282 ,240
 global_map,22.4696 ,260
 global_map,24.2972 ,280
 global_map,25.0715 ,300
 global_map,27.7198 ,320
 global_map,28.921 ,340
 global_map,29.4762 ,360
 global_map,31.1216 ,380
 global_map,33.2614 ,400
 global_map,33.3103 ,420
 global_map,33.3103 ,440
 global_map,35.3952 ,460
 global_map,37.351 ,480
 global_map,39.2825 ,500
 global_map,40.0523 ,520
 global_map,40.8907 ,540
 global_map,42.8959 ,560
 global_map,43.0484 ,580
 global_map,44.0824 ,600
 global_map,44.7966 ,620
 global_map,47.4719 ,640
 global_map,49.4732 ,660
 global_map,50.0222 ,680
 global_map,50.1899 ,700
 global_map,50.1899 ,720
 global_map,50.7526 ,740
 global_map,51.2282 ,760
 global_map,52.036 ,780
 global_map,52.5152 ,800
 global_map,53.6418 ,820
 global_map,53.6418 ,840
 global_map,54.1347 ,860
 global_map,54.3151 ,880
 global_map,54.6047 ,900
 global_map,54.6637 ,920
 global_map,54.6637 ,940
 global_map,54.7828 ,960
 global_map,54.7828 ,980
 global_map,54.9566 ,1000
 global_map,54.9566 ,1020
 global_map,55.6151 ,1040
 global_map,57.6083 ,1060
 global_map,58.3106 ,1080
 global_map,59.7887 ,1100
 global_map,59.7985 ,1120
 global_map,60.8466 ,1140
 global_map,61.6494 ,1160
 global_map,61.6595 ,1180
 global_map,61.6595 ,1200
 global_map,61.6595 ,1220
 global_map,61.6595 ,1240
 global_map,62.5771 ,1260
 global_map,62.5771 ,1280
 global_map,62.5771 ,1300
 global_map,62.5771 ,1320
 global_map,62.6026 ,1340
 global_map,62.6026 ,1360
 global_map,63.3145 ,1380
 global_map,63.3247 ,1400
 global_map,63.4836 ,1420
 global_map,64.2256 ,1440
 global_map,64.2401 ,1460
 global_map,64.2401 ,1480
 The Test has finished on 2018-08-02 08:26:41 GMT time 

 ======================== 
 ======================== 
 
 
