
 
 
 ###################### 
 ###################### 

 This is the result of test on 2018-08-02 18:08:13 GMT time 

 global_map,0.0 ,0
 global_map,8.3134 ,20
 global_map,8.3134 ,40
 global_map,8.6154 ,60
 global_map,9.994 ,80
 global_map,10.6024 ,100
 global_map,10.7659 ,120
 global_map,11.3717 ,140
 global_map,12.884 ,160
 global_map,14.0038 ,180
 global_map,16.4759 ,200
 global_map,18.0734 ,220
 global_map,24.3606 ,240
 global_map,25.4798 ,260
 global_map,25.9572 ,280
 global_map,27.6278 ,300
 global_map,31.2702 ,320
 global_map,31.4884 ,340
 global_map,32.9388 ,360
 global_map,34.9133 ,380
 global_map,35.6785 ,400
 global_map,35.8258 ,420
 global_map,35.8269 ,440
 global_map,37.9535 ,460
 global_map,37.97 ,480
 global_map,38.2185 ,500
 global_map,40.8261 ,520
 global_map,42.3894 ,540
 global_map,43.2036 ,560
 global_map,43.5588 ,580
 global_map,43.6332 ,600
 global_map,44.0241 ,620
 global_map,44.8692 ,640
 global_map,45.0749 ,660
 global_map,45.1794 ,680
 global_map,45.4422 ,700
 global_map,45.8848 ,720
 global_map,45.8925 ,740
 global_map,48.7934 ,760
 global_map,49.9424 ,780
 global_map,49.9424 ,800
 global_map,50.1181 ,820
 global_map,50.8641 ,840
 global_map,50.9095 ,860
 global_map,51.0234 ,880
 global_map,51.0234 ,900
 global_map,51.0606 ,920
 global_map,51.0606 ,940
 global_map,51.2113 ,960
 global_map,51.4971 ,980
 global_map,51.4973 ,1000
 global_map,53.2464 ,1020
 global_map,53.2699 ,1040
 global_map,53.2959 ,1060
 global_map,53.7064 ,1080
 global_map,54.0121 ,1100
 global_map,55.3164 ,1120
 global_map,55.7033 ,1140
 global_map,55.7033 ,1160
 global_map,56.1076 ,1180
 global_map,56.1076 ,1200
 global_map,56.3755 ,1220
 global_map,56.3761 ,1240
 global_map,57.5116 ,1260
 global_map,57.5534 ,1280
 global_map,58.8374 ,1300
 global_map,58.8648 ,1320
 global_map,58.9452 ,1340
 global_map,58.959 ,1360
 global_map,58.959 ,1380
 global_map,59.5038 ,1400
 global_map,59.5164 ,1420
 global_map,59.569 ,1440
 global_map,60.1053 ,1460
 global_map,60.1053 ,1480
 The Test has finished on 2018-08-02 19:44:07 GMT time 

 ======================== 
 ======================== 
 
 
