
 
 
 ###################### 
 ###################### 

 This is the result of test on 2018-08-02 05:32:59 GMT time 

 global_map,0.0 ,0
 global_map,8.3094 ,20
 global_map,8.3094 ,40
 global_map,8.6001 ,60
 global_map,10.0694 ,80
 global_map,11.7166 ,100
 global_map,11.9647 ,120
 global_map,12.147 ,140
 global_map,12.6948 ,160
 global_map,13.0127 ,180
 global_map,18.0809 ,200
 global_map,19.4275 ,220
 global_map,23.3407 ,240
 global_map,23.9565 ,260
 global_map,25.2199 ,280
 global_map,26.2767 ,300
 global_map,29.2331 ,320
 global_map,30.186 ,340
 global_map,30.2454 ,360
 global_map,30.7015 ,380
 global_map,35.6506 ,400
 global_map,36.2438 ,420
 global_map,38.7046 ,440
 global_map,38.8049 ,460
 global_map,40.5633 ,480
 global_map,41.067 ,500
 global_map,42.3779 ,520
 global_map,42.4214 ,540
 global_map,45.3526 ,560
 global_map,45.4025 ,580
 global_map,46.3084 ,600
 global_map,48.8875 ,620
 global_map,49.5516 ,640
 global_map,50.8031 ,660
 global_map,51.7957 ,680
 global_map,52.4513 ,700
 global_map,52.4631 ,720
 global_map,53.0865 ,740
 global_map,55.1395 ,760
 global_map,55.8979 ,780
 global_map,55.9085 ,800
 global_map,58.3026 ,820
 global_map,58.3083 ,840
 global_map,58.3083 ,860
 global_map,58.3083 ,880
 global_map,59.469 ,900
 global_map,62.179 ,920
 global_map,62.2397 ,940
 global_map,63.0531 ,960
 global_map,64.3537 ,980
 global_map,65.3756 ,1000
 global_map,66.5803 ,1020
 global_map,66.6113 ,1040
 global_map,66.6143 ,1060
 global_map,66.6143 ,1080
 global_map,66.6143 ,1100
 global_map,66.9146 ,1120
 global_map,67.1157 ,1140
 global_map,67.1157 ,1160
 global_map,67.1157 ,1180
 global_map,67.2084 ,1200
 global_map,67.2836 ,1220
 global_map,67.3596 ,1240
 global_map,67.3606 ,1260
 global_map,67.3606 ,1280
 global_map,67.5138 ,1300
 global_map,67.6213 ,1320
 global_map,68.0928 ,1340
 global_map,68.3542 ,1360
 global_map,68.4573 ,1380
 global_map,68.4573 ,1400
 global_map,68.5823 ,1420
 global_map,69.0443 ,1440
 global_map,69.0486 ,1460
 global_map,69.0643 ,1480
 The Test has finished on 2018-08-02 06:56:47 GMT time 

 ======================== 
 ======================== 
 
 
