
 
 
 ###################### 
 ###################### 

 This is the result of test on 2018-08-03 06:38:34 GMT time 

 global_map,0.0 ,0
 global_map,8.3134 ,20
 global_map,8.3134 ,40
 global_map,8.4869 ,60
 global_map,12.0275 ,80
 global_map,13.5998 ,100
 global_map,13.9416 ,120
 global_map,14.5531 ,140
 global_map,15.3128 ,160
 global_map,16.6462 ,180
 global_map,17.9871 ,200
 global_map,19.1077 ,220
 global_map,19.7241 ,240
 global_map,22.1716 ,260
 global_map,23.3965 ,280
 global_map,25.2161 ,300
 global_map,26.2546 ,320
 global_map,27.6674 ,340
 global_map,28.7597 ,360
 global_map,29.0491 ,380
 global_map,30.0259 ,400
 global_map,31.6801 ,420
 global_map,33.9966 ,440
 global_map,34.5481 ,460
 global_map,34.792 ,480
 global_map,37.0154 ,500
 global_map,37.0369 ,520
 global_map,38.1258 ,540
 global_map,39.3362 ,560
 global_map,39.5712 ,580
 global_map,39.5712 ,600
 global_map,40.3791 ,620
 global_map,40.6464 ,640
 global_map,40.7414 ,660
 global_map,47.0197 ,680
 global_map,47.3297 ,700
 global_map,47.9096 ,720
 global_map,51.863 ,740
 global_map,52.4618 ,760
 global_map,53.6049 ,780
 global_map,56.4531 ,800
 global_map,56.6383 ,820
 global_map,57.0716 ,840
 global_map,59.9669 ,860
 global_map,60.8029 ,880
 global_map,61.8023 ,900
 global_map,62.6693 ,920
 global_map,62.6976 ,940
 global_map,62.6976 ,960
 global_map,64.0841 ,980
 global_map,65.0181 ,1000
 global_map,65.13 ,1020
 global_map,65.6001 ,1040
 global_map,65.6785 ,1060
 global_map,65.6785 ,1080
 global_map,65.6796 ,1100
 global_map,65.945 ,1120
 global_map,65.988 ,1140
 global_map,65.988 ,1160
 global_map,66.0046 ,1180
 global_map,66.0046 ,1200
 global_map,66.2381 ,1220
 global_map,66.2381 ,1240
 global_map,66.2381 ,1260
 global_map,66.2381 ,1280
 global_map,66.2411 ,1300
 global_map,66.4386 ,1320
 global_map,66.4393 ,1340
 global_map,66.7759 ,1360
 global_map,66.8735 ,1380
 global_map,67.0101 ,1400
 global_map,67.1848 ,1420
 global_map,67.1986 ,1440
 global_map,67.1986 ,1460
 global_map,68.103 ,1480
 The Test has finished on 2018-08-03 08:30:46 GMT time 

 ======================== 
 ======================== 
 
 
