
 
 
 ###################### 
 ###################### 

 This is the result of test on 2018-08-02 11:54:11 GMT time 

 global_map,0.0 ,0
 global_map,8.3114 ,20
 global_map,8.3114 ,40
 global_map,8.582 ,60
 global_map,10.2075 ,80
 global_map,10.8215 ,100
 global_map,11.0077 ,120
 global_map,11.5477 ,140
 global_map,12.5851 ,160
 global_map,13.6673 ,180
 global_map,15.9552 ,200
 global_map,18.068 ,220
 global_map,23.9779 ,240
 global_map,26.7233 ,260
 global_map,26.8055 ,280
 global_map,28.3039 ,300
 global_map,29.9018 ,320
 global_map,30.5275 ,340
 global_map,32.6951 ,360
 global_map,36.5658 ,380
 global_map,37.1045 ,400
 global_map,40.0392 ,420
 global_map,41.7218 ,440
 global_map,43.9629 ,460
 global_map,44.4542 ,480
 global_map,46.8655 ,500
 global_map,47.0271 ,520
 global_map,48.8582 ,540
 global_map,49.9241 ,560
 global_map,50.591 ,580
 global_map,50.591 ,600
 global_map,55.4272 ,620
 global_map,55.5784 ,640
 global_map,55.757 ,660
 global_map,56.3068 ,680
 global_map,57.2986 ,700
 global_map,58.3401 ,720
 global_map,58.3401 ,740
 global_map,58.6818 ,760
 global_map,58.7265 ,780
 global_map,58.7265 ,800
 global_map,58.7325 ,820
 global_map,58.7325 ,840
 global_map,58.7325 ,860
 global_map,58.8285 ,880
 global_map,59.6152 ,900
 global_map,59.6186 ,920
 global_map,59.6201 ,940
 global_map,59.6861 ,960
 global_map,59.6863 ,980
 global_map,62.0606 ,1000
 global_map,62.4507 ,1020
 global_map,62.5164 ,1040
 global_map,62.6852 ,1060
 global_map,62.6852 ,1080
 global_map,63.5313 ,1100
 global_map,63.5487 ,1120
 global_map,63.969 ,1140
 global_map,64.3531 ,1160
 global_map,64.581 ,1180
 global_map,64.8205 ,1200
 global_map,65.0035 ,1220
 global_map,65.0766 ,1240
 global_map,65.471 ,1260
 global_map,65.471 ,1280
 global_map,65.9145 ,1300
 global_map,65.9326 ,1320
 global_map,66.0072 ,1340
 global_map,66.0293 ,1360
 global_map,66.0332 ,1380
 global_map,66.1072 ,1400
 global_map,66.2753 ,1420
 global_map,66.2753 ,1440
 global_map,66.4213 ,1460
 global_map,66.4256 ,1480
 The Test has finished on 2018-08-02 15:53:44 GMT time 

 ======================== 
 ======================== 
 
 
