
 
 
 ###################### 
 ###################### 

 This is the result of test on 2018-08-01 05:29:06 GMT time 

 global_map,0.0 ,0
 global_map,8.3106 ,20
 global_map,8.3106 ,40
 global_map,8.8428 ,60
 global_map,9.6695 ,80
 global_map,10.428 ,100
 global_map,11.9479 ,120
 global_map,12.3953 ,140
 global_map,13.4903 ,160
 global_map,13.9036 ,180
 global_map,17.1776 ,200
 global_map,19.6767 ,220
 global_map,23.9436 ,240
 global_map,24.2592 ,260
 global_map,26.4488 ,280
 global_map,26.9612 ,300
 global_map,28.2975 ,320
 global_map,28.9456 ,340
 global_map,30.7323 ,360
 global_map,31.1199 ,380
 global_map,32.4811 ,400
 global_map,34.4723 ,420
 global_map,34.5055 ,440
 global_map,38.0436 ,460
 global_map,38.2519 ,480
 global_map,39.9889 ,500
 global_map,40.0829 ,520
 global_map,40.0829 ,540
 global_map,40.0829 ,560
 global_map,40.3939 ,580
 global_map,40.8903 ,600
 global_map,41.7815 ,620
 global_map,42.464 ,640
 global_map,43.4446 ,660
 global_map,43.4449 ,680
 global_map,45.0709 ,700
 global_map,45.092 ,720
 global_map,46.4248 ,740
 global_map,46.4248 ,760
 global_map,47.2795 ,780
 global_map,47.2837 ,800
 global_map,50.2879 ,820
 global_map,50.2879 ,840
 global_map,50.3011 ,860
 global_map,51.83 ,880
 global_map,51.8492 ,900
 global_map,51.8492 ,920
 global_map,51.9869 ,940
 global_map,52.544 ,960
 global_map,53.5042 ,980
 global_map,54.6258 ,1000
 global_map,55.9623 ,1020
 global_map,57.8909 ,1040
 global_map,59.0755 ,1060
 global_map,59.0799 ,1080
 global_map,59.1455 ,1100
 global_map,60.1053 ,1120
 global_map,60.7238 ,1140
 global_map,63.2841 ,1160
 global_map,63.9247 ,1180
 global_map,64.1701 ,1200
 global_map,64.2087 ,1220
 global_map,65.1391 ,1240
 global_map,66.0435 ,1260
 global_map,66.2808 ,1280
 global_map,66.2817 ,1300
 global_map,66.8283 ,1320
 global_map,66.8283 ,1340
 global_map,67.1668 ,1360
 global_map,67.1668 ,1380
 global_map,68.2989 ,1400
 global_map,68.2989 ,1420
 global_map,68.2989 ,1440
 global_map,68.3017 ,1460
 global_map,69.8619 ,1480
 The Test has finished on 2018-08-01 07:01:33 GMT time 

 ======================== 
 ======================== 
 
 
