
 
 
 ###################### 
 ###################### 

 This is the result of test on 2018-08-01 10:31:36 GMT time 

 global_map,0.0 ,0
 global_map,8.3051 ,20
 global_map,8.3051 ,40
 global_map,8.3563 ,60
 global_map,9.566 ,80
 global_map,10.1644 ,100
 global_map,12.2784 ,120
 global_map,14.5555 ,140
 global_map,14.7132 ,160
 global_map,16.9776 ,180
 global_map,19.3285 ,200
 global_map,21.8743 ,220
 global_map,22.7617 ,240
 global_map,23.0527 ,260
 global_map,24.5093 ,280
 global_map,26.4506 ,300
 global_map,28.8905 ,320
 global_map,30.6055 ,340
 global_map,30.7324 ,360
 global_map,31.0151 ,380
 global_map,33.2706 ,400
 global_map,33.3372 ,420
 global_map,34.3895 ,440
 global_map,34.4228 ,460
 global_map,40.8254 ,480
 global_map,40.8949 ,500
 global_map,42.3731 ,520
 global_map,42.6067 ,540
 global_map,42.7903 ,560
 global_map,42.7903 ,580
 global_map,45.0022 ,600
 global_map,46.377 ,620
 global_map,48.8889 ,640
 global_map,50.0376 ,660
 global_map,51.1281 ,680
 global_map,52.7359 ,700
 global_map,52.7433 ,720
 global_map,52.9103 ,740
 global_map,54.1884 ,760
 global_map,55.1645 ,780
 global_map,55.342 ,800
 global_map,55.3859 ,820
 global_map,55.3859 ,840
 global_map,55.7311 ,860
 global_map,56.807 ,880
 global_map,56.836 ,900
 global_map,56.9618 ,920
 global_map,58.1069 ,940
 global_map,58.9873 ,960
 global_map,59.2363 ,980
 global_map,60.7145 ,1000
 global_map,60.7718 ,1020
 global_map,63.3559 ,1040
 global_map,63.6462 ,1060
 global_map,63.6518 ,1080
 global_map,67.7983 ,1100
 global_map,67.7994 ,1120
 global_map,68.381 ,1140
 global_map,68.5008 ,1160
 global_map,68.5169 ,1180
 global_map,68.5169 ,1200
 global_map,68.563 ,1220
 global_map,71.4676 ,1240
 global_map,71.4676 ,1260
 global_map,71.4676 ,1280
 global_map,71.6903 ,1300
 global_map,71.6952 ,1320
 global_map,71.774 ,1340
 global_map,72.098 ,1360
 global_map,72.1057 ,1380
 global_map,72.1207 ,1400
 global_map,72.1285 ,1420
 global_map,72.1926 ,1440
 global_map,72.2237 ,1460
 global_map,72.2528 ,1480
 The Test has finished on 2018-08-01 14:41:53 GMT time 

 ======================== 
 ======================== 
 
 
