
 
 
 ###################### 
 ###################### 

 This is the result of test on 2018-08-03 08:33:43 GMT time 

 global_map,0.0 ,0
 global_map,8.3134 ,20
 global_map,8.3134 ,40
 global_map,8.6083 ,60
 global_map,10.1245 ,80
 global_map,10.8487 ,100
 global_map,11.1016 ,120
 global_map,11.3842 ,140
 global_map,12.9296 ,160
 global_map,15.5821 ,180
 global_map,15.834 ,200
 global_map,22.6955 ,220
 global_map,23.0043 ,240
 global_map,24.8688 ,260
 global_map,25.7382 ,280
 global_map,26.5143 ,300
 global_map,27.8532 ,320
 global_map,29.4079 ,340
 global_map,29.959 ,360
 global_map,31.8321 ,380
 global_map,32.0774 ,400
 global_map,34.3439 ,420
 global_map,37.1982 ,440
 global_map,38.6872 ,460
 global_map,40.1125 ,480
 global_map,41.429 ,500
 global_map,41.7455 ,520
 global_map,42.0934 ,540
 global_map,42.8072 ,560
 global_map,42.8316 ,580
 global_map,45.9967 ,600
 global_map,46.3749 ,620
 global_map,46.7905 ,640
 global_map,47.5823 ,660
 global_map,48.879 ,680
 global_map,48.8792 ,700
 global_map,49.4382 ,720
 global_map,49.4382 ,740
 global_map,52.577 ,760
 global_map,52.6298 ,780
 global_map,55.4235 ,800
 global_map,55.4824 ,820
 global_map,56.2099 ,840
 global_map,56.2749 ,860
 global_map,56.308 ,880
 global_map,56.308 ,900
 global_map,57.4331 ,920
 global_map,57.4366 ,940
 global_map,58.0955 ,960
 global_map,58.0955 ,980
 global_map,58.3215 ,1000
 global_map,59.4637 ,1020
 global_map,60.0267 ,1040
 global_map,60.0267 ,1060
 global_map,60.5566 ,1080
 global_map,64.5137 ,1100
 global_map,64.7812 ,1120
 global_map,65.0826 ,1140
 global_map,65.4133 ,1160
 global_map,65.4988 ,1180
 global_map,65.5306 ,1200
 global_map,65.5584 ,1220
 global_map,65.5597 ,1240
 global_map,65.5597 ,1260
 global_map,65.5597 ,1280
 global_map,65.6118 ,1300
 global_map,65.7929 ,1320
 global_map,65.8014 ,1340
 global_map,65.8014 ,1360
 global_map,65.8015 ,1380
 global_map,65.8015 ,1400
 global_map,65.8017 ,1420
 global_map,65.8017 ,1440
 global_map,65.8017 ,1460
 global_map,65.8017 ,1480
 The Test has finished on 2018-08-03 10:09:18 GMT time 

 ======================== 
 ======================== 
 
 
