
 
 
 ###################### 
 ###################### 

 This is the result of test on 2018-08-01 07:06:02 GMT time 

 global_map,0.0 ,0
 global_map,8.3106 ,20
 global_map,8.3106 ,40
 global_map,8.6315 ,60
 global_map,8.9687 ,80
 global_map,11.2337 ,100
 global_map,11.9076 ,120
 global_map,14.0109 ,140
 global_map,15.132 ,160
 global_map,15.2587 ,180
 global_map,15.9828 ,200
 global_map,17.5944 ,220
 global_map,21.056 ,240
 global_map,23.7254 ,260
 global_map,24.7237 ,280
 global_map,25.2469 ,300
 global_map,26.1684 ,320
 global_map,26.587 ,340
 global_map,27.4081 ,360
 global_map,27.4411 ,380
 global_map,27.8493 ,400
 global_map,29.1201 ,420
 global_map,32.5943 ,440
 global_map,32.871 ,460
 global_map,35.1316 ,480
 global_map,35.172 ,500
 global_map,35.1892 ,520
 global_map,35.7788 ,540
 global_map,36.471 ,560
 global_map,37.8973 ,580
 global_map,38.4027 ,600
 global_map,40.714 ,620
 global_map,40.7401 ,640
 global_map,40.9081 ,660
 global_map,41.9376 ,680
 global_map,42.5831 ,700
 global_map,43.7051 ,720
 global_map,43.8481 ,740
 global_map,43.8482 ,760
 global_map,43.8482 ,780
 global_map,44.6592 ,800
 global_map,46.1448 ,820
 global_map,46.1448 ,840
 global_map,46.1448 ,860
 global_map,47.4805 ,880
 global_map,47.5382 ,900
 global_map,47.5382 ,920
 global_map,47.5382 ,940
 global_map,50.3202 ,960
 global_map,51.7453 ,980
 global_map,51.8257 ,1000
 global_map,54.1646 ,1020
 global_map,54.2113 ,1040
 global_map,54.8089 ,1060
 global_map,56.0132 ,1080
 global_map,56.1626 ,1100
 global_map,56.5825 ,1120
 global_map,57.0559 ,1140
 global_map,57.2725 ,1160
 global_map,57.3901 ,1180
 global_map,57.425 ,1200
 global_map,58.638 ,1220
 global_map,59.0103 ,1240
 global_map,59.0181 ,1260
 global_map,59.1135 ,1280
 global_map,59.1605 ,1300
 global_map,59.2178 ,1320
 global_map,59.39 ,1340
 global_map,59.3927 ,1360
 global_map,59.5278 ,1380
 global_map,60.674 ,1400
 global_map,60.8188 ,1420
 global_map,60.8188 ,1440
 global_map,60.8188 ,1460
 global_map,61.0737 ,1480
 The Test has finished on 2018-08-01 08:43:26 GMT time 

 ======================== 
 ======================== 
 
 
