
 
 
 ###################### 
 ###################### 

 This is the result of test on 2018-07-26 23:58:57 GMT time 

 global_map,0.0 ,0
 global_map,5.844096 ,20
 global_map,5.844096 ,40
 global_map,5.969728 ,60
 global_map,6.779008 ,80
 global_map,6.931904 ,100
 global_map,7.191296 ,120
 global_map,8.200192 ,140
 global_map,9.202432 ,160
 global_map,11.09408 ,180
 global_map,11.230272 ,200
 global_map,12.330368 ,220
 global_map,13.58752 ,240
 global_map,17.065408 ,260
 global_map,17.550208 ,280
 global_map,17.978368 ,300
 global_map,20.521344 ,320
 global_map,20.52224 ,340
 global_map,20.52224 ,360
 global_map,20.568896 ,380
 global_map,21.193728 ,400
 global_map,21.325504 ,420
 global_map,21.460544 ,440
 global_map,25.155328 ,460
 global_map,26.747456 ,480
 global_map,27.395136 ,500
 global_map,29.066944 ,520
 global_map,29.26304 ,540
 global_map,31.339264 ,560
 global_map,31.53216 ,580
 global_map,33.147968 ,600
 global_map,33.18176 ,620
 global_map,34.00672 ,640
 global_map,34.00672 ,660
 global_map,34.215232 ,680
 global_map,35.160704 ,700
 global_map,35.28512 ,720
 global_map,36.070912 ,740
 global_map,36.964416 ,760
 global_map,37.034944 ,780
 global_map,39.164032 ,800
 global_map,39.183744 ,820
 global_map,41.981888 ,840
 global_map,42.460352 ,860
 global_map,42.834816 ,880
 global_map,46.257088 ,900
 global_map,46.72512 ,920
 global_map,47.935232 ,940
 global_map,47.969024 ,960
 global_map,48.089984 ,980
 global_map,48.447424 ,1000
 global_map,50.571456 ,1020
 global_map,50.8272 ,1040
 global_map,50.935616 ,1060
 global_map,51.891072 ,1080
 global_map,51.909312 ,1100
 global_map,52.788288 ,1120
 global_map,53.6432 ,1140
 global_map,53.730496 ,1160
 global_map,57.72032 ,1180
 global_map,61.951168 ,1200
 global_map,63.341696 ,1220
 global_map,63.342592 ,1240
 global_map,63.389312 ,1260
 global_map,63.44704 ,1280
 global_map,64.64032 ,1300
 global_map,65.21952 ,1320
 global_map,65.28416 ,1340
 global_map,65.310912 ,1360
 global_map,65.561088 ,1380
 global_map,68.479616 ,1400
 global_map,69.673216 ,1420
 global_map,70.49056 ,1440
 global_map,70.698752 ,1460
 global_map,70.769216 ,1480
 The Test has finished on 2018-07-27 12:40:31 GMT time 

 ======================== 
 ======================== 
 
 
