
 
 
 ###################### 
 ###################### 

 This is the result of test on 2018-07-27 12:47:29 GMT time 

 global_map,0.0 ,0
 global_map,5.841344 ,20
 global_map,5.841344 ,40
 global_map,6.019264 ,60
 global_map,6.08352 ,80
 global_map,7.376256 ,100
 global_map,7.807232 ,120
 global_map,7.902336 ,140
 global_map,8.537984 ,160
 global_map,9.526784 ,180
 global_map,10.467584 ,200
 global_map,12.87776 ,220
 global_map,13.079936 ,240
 global_map,14.40256 ,260
 global_map,15.992384 ,280
 global_map,18.052992 ,300
 global_map,18.957056 ,320
 global_map,19.695488 ,340
 global_map,19.70496 ,360
 global_map,22.475008 ,380
 global_map,23.551488 ,400
 global_map,26.472192 ,420
 global_map,27.213184 ,440
 global_map,27.23648 ,460
 global_map,27.270912 ,480
 global_map,27.305472 ,500
 global_map,28.307968 ,520
 global_map,29.803648 ,540
 global_map,30.828352 ,560
 global_map,30.874624 ,580
 global_map,32.327168 ,600
 global_map,34.3152 ,620
 global_map,35.975552 ,640
 global_map,36.699776 ,660
 global_map,37.390464 ,680
 global_map,37.391744 ,700
 global_map,41.823808 ,720
 global_map,41.886464 ,740
 global_map,44.116992 ,760
 global_map,44.342976 ,780
 global_map,44.86848 ,800
 global_map,45.927552 ,820
 global_map,46.32512 ,840
 global_map,46.336896 ,860
 global_map,46.365376 ,880
 global_map,49.506688 ,900
 global_map,49.676544 ,920
 global_map,49.676544 ,940
 global_map,49.676544 ,960
 global_map,49.700352 ,980
 global_map,51.456896 ,1000
 global_map,53.197952 ,1020
 global_map,53.507392 ,1040
 global_map,54.332672 ,1060
 global_map,54.792896 ,1080
 global_map,55.63104 ,1100
 global_map,56.550528 ,1120
 global_map,56.550528 ,1140
 global_map,57.538048 ,1160
 global_map,58.137728 ,1180
 global_map,59.081984 ,1200
 global_map,59.180864 ,1220
 global_map,60.2768 ,1240
 global_map,60.310656 ,1260
 global_map,61.072192 ,1280
 global_map,61.072192 ,1300
 global_map,64.326976 ,1320
 global_map,64.327808 ,1340
 global_map,64.327808 ,1360
 global_map,64.327936 ,1380
 global_map,64.368128 ,1400
 global_map,64.368128 ,1420
 global_map,66.575808 ,1440
 global_map,66.575808 ,1460
 global_map,71.092288 ,1480
 The Test has finished on 2018-07-27 15:05:46 GMT time 

 ======================== 
 ======================== 
 
 
