
 
 
 ###################### 
 ###################### 

 This is the result of test on 2018-07-30 02:28:41 GMT time 

 global_map,0.0 ,0
 global_map,5.84512 ,20
 global_map,5.84512 ,40
 global_map,5.884032 ,60
 global_map,6.698816 ,80
 global_map,7.441984 ,100
 global_map,7.908864 ,120
 global_map,8.457216 ,140
 global_map,9.916544 ,160
 global_map,10.702976 ,180
 global_map,12.813696 ,200
 global_map,13.432704 ,220
 global_map,14.119424 ,240
 global_map,17.884544 ,260
 global_map,18.88 ,280
 global_map,19.175296 ,300
 global_map,20.752256 ,320
 global_map,22.098944 ,340
 global_map,23.690304 ,360
 global_map,24.332544 ,380
 global_map,27.054528 ,400
 global_map,27.558208 ,420
 global_map,27.900992 ,440
 global_map,29.259904 ,460
 global_map,35.053056 ,480
 global_map,35.72608 ,500
 global_map,36.039232 ,520
 global_map,36.483392 ,540
 global_map,36.786688 ,560
 global_map,37.774208 ,580
 global_map,38.73984 ,600
 global_map,40.727424 ,620
 global_map,41.855296 ,640
 global_map,42.97568 ,660
 global_map,44.218368 ,680
 global_map,44.35648 ,700
 global_map,46.118976 ,720
 global_map,46.85888 ,740
 global_map,47.563776 ,760
 global_map,47.850048 ,780
 global_map,48.555776 ,800
 global_map,48.887872 ,820
 global_map,50.07744 ,840
 global_map,50.953472 ,860
 global_map,52.419136 ,880
 global_map,53.94368 ,900
 global_map,55.100992 ,920
 global_map,55.642304 ,940
 global_map,57.076096 ,960
 global_map,59.146304 ,980
 global_map,59.545408 ,1000
 global_map,59.74784 ,1020
 global_map,59.804416 ,1040
 global_map,60.767232 ,1060
 global_map,66.214464 ,1080
 global_map,66.63392 ,1100
 global_map,66.63552 ,1120
 global_map,67.35872 ,1140
 global_map,67.93728 ,1160
 global_map,68.629312 ,1180
 global_map,69.659136 ,1200
 global_map,71.295872 ,1220
 global_map,71.304192 ,1240
 global_map,72.98528 ,1260
 global_map,72.98528 ,1280
 global_map,73.634048 ,1300
 global_map,73.64384 ,1320
 global_map,75.457792 ,1340
 global_map,75.457792 ,1360
 global_map,76.110848 ,1380
 global_map,76.147008 ,1400
 global_map,76.544512 ,1420
 global_map,76.56864 ,1440
 global_map,76.56864 ,1460
 global_map,76.936832 ,1480
 The Test has finished on 2018-07-30 07:15:39 GMT time 

 ======================== 
 ======================== 
 
 
