
 
 
 ###################### 
 ###################### 

 This is the result of test on 2018-07-31 19:07:48 GMT time 

 global_map,0.0 ,0
 global_map,5.844352 ,20
 global_map,5.844352 ,40
 global_map,6.01856 ,60
 global_map,6.902208 ,80
 global_map,7.30912 ,100
 global_map,7.99936 ,120
 global_map,8.424128 ,140
 global_map,8.555136 ,160
 global_map,9.869632 ,180
 global_map,10.534592 ,200
 global_map,11.734528 ,220
 global_map,12.393408 ,240
 global_map,12.753984 ,260
 global_map,15.123072 ,280
 global_map,16.962688 ,300
 global_map,17.294784 ,320
 global_map,17.296384 ,340
 global_map,18.192768 ,360
 global_map,18.213696 ,380
 global_map,19.009408 ,400
 global_map,19.064704 ,420
 global_map,20.161408 ,440
 global_map,20.719872 ,460
 global_map,21.320384 ,480
 global_map,23.66464 ,500
 global_map,23.773952 ,520
 global_map,24.044608 ,540
 global_map,24.044608 ,560
 global_map,24.044608 ,580
 global_map,24.044608 ,600
 global_map,25.617344 ,620
 global_map,29.377024 ,640
 global_map,30.043712 ,660
 global_map,32.735104 ,680
 global_map,33.418944 ,700
 global_map,34.978176 ,720
 global_map,35.001984 ,740
 global_map,35.002048 ,760
 global_map,37.443776 ,780
 global_map,38.417536 ,800
 global_map,39.713088 ,820
 global_map,40.031424 ,840
 global_map,40.031424 ,860
 global_map,40.031424 ,880
 global_map,40.032064 ,900
 global_map,40.032064 ,920
 global_map,40.032064 ,940
 global_map,40.032064 ,960
 global_map,42.109248 ,980
 global_map,42.110208 ,1000
 global_map,42.574016 ,1020
 global_map,42.815744 ,1040
 global_map,43.73952 ,1060
 global_map,43.779584 ,1080
 global_map,43.779584 ,1100
 global_map,44.320576 ,1120
 global_map,44.361216 ,1140
 global_map,44.361216 ,1160
 global_map,44.361216 ,1180
 global_map,44.876864 ,1200
 global_map,45.262528 ,1220
 global_map,45.450048 ,1240
 global_map,45.450048 ,1260
 global_map,45.470592 ,1280
 global_map,45.77376 ,1300
 global_map,45.77376 ,1320
 global_map,46.494848 ,1340
 global_map,46.494848 ,1360
 global_map,46.923776 ,1380
 global_map,47.244224 ,1400
 global_map,47.244224 ,1420
 global_map,47.244224 ,1440
 global_map,47.735232 ,1460
 global_map,48.152768 ,1480
 The Test has finished on 2018-07-31 20:28:09 GMT time 

 ======================== 
 ======================== 
 
 
