
 
 
 ###################### 
 ###################### 

 This is the result of test on 2018-08-01 03:38:47 GMT time 

 global_map,0.0 ,0
 global_map,5.842304 ,20
 global_map,5.842304 ,40
 global_map,5.848256 ,60
 global_map,6.824704 ,80
 global_map,8.039872 ,100
 global_map,9.085888 ,120
 global_map,9.676544 ,140
 global_map,11.475712 ,160
 global_map,11.56192 ,180
 global_map,12.08576 ,200
 global_map,14.840704 ,220
 global_map,15.682816 ,240
 global_map,16.860096 ,260
 global_map,18.271232 ,280
 global_map,18.702592 ,300
 global_map,19.108608 ,320
 global_map,20.696192 ,340
 global_map,20.752704 ,360
 global_map,21.04256 ,380
 global_map,21.85184 ,400
 global_map,21.966528 ,420
 global_map,22.8096 ,440
 global_map,26.437952 ,460
 global_map,26.6192 ,480
 global_map,27.952704 ,500
 global_map,29.4944 ,520
 global_map,30.238208 ,540
 global_map,30.262976 ,560
 global_map,31.524672 ,580
 global_map,31.533888 ,600
 global_map,31.547008 ,620
 global_map,32.017728 ,640
 global_map,32.5136 ,660
 global_map,32.526592 ,680
 global_map,37.194112 ,700
 global_map,38.745536 ,720
 global_map,38.9472 ,740
 global_map,39.634304 ,760
 global_map,40.673408 ,780
 global_map,40.777472 ,800
 global_map,40.824256 ,820
 global_map,41.54944 ,840
 global_map,41.54944 ,860
 global_map,41.719296 ,880
 global_map,41.719296 ,900
 global_map,41.725632 ,920
 global_map,42.891072 ,940
 global_map,42.892096 ,960
 global_map,43.83968 ,980
 global_map,43.83968 ,1000
 global_map,43.83968 ,1020
 global_map,44.66592 ,1040
 global_map,46.755968 ,1060
 global_map,47.036352 ,1080
 global_map,48.506048 ,1100
 global_map,48.508992 ,1120
 global_map,48.589952 ,1140
 global_map,48.85408 ,1160
 global_map,48.85408 ,1180
 global_map,48.980992 ,1200
 global_map,49.539584 ,1220
 global_map,49.825664 ,1240
 global_map,50.028608 ,1260
 global_map,50.047872 ,1280
 global_map,50.281728 ,1300
 global_map,52.665536 ,1320
 global_map,52.665536 ,1340
 global_map,52.673856 ,1360
 global_map,53.347712 ,1380
 global_map,53.48704 ,1400
 global_map,54.928192 ,1420
 global_map,54.935296 ,1440
 global_map,55.009408 ,1460
 global_map,55.116288 ,1480
 The Test has finished on 2018-08-01 05:10:40 GMT time 

 ======================== 
 ======================== 
 
 
