
 
 
 ###################### 
 ###################### 

 This is the result of test on 2018-07-27 20:16:57 GMT time 

 global_map,0.0 ,0
 global_map,5.84512 ,20
 global_map,5.84512 ,40
 global_map,6.029952 ,60
 global_map,7.323648 ,80
 global_map,8.525376 ,100
 global_map,8.624896 ,120
 global_map,9.035136 ,140
 global_map,9.757056 ,160
 global_map,9.978816 ,180
 global_map,11.917184 ,200
 global_map,12.554176 ,220
 global_map,15.043456 ,240
 global_map,15.4448 ,260
 global_map,16.020224 ,280
 global_map,17.595264 ,300
 global_map,17.674624 ,320
 global_map,18.020672 ,340
 global_map,19.508096 ,360
 global_map,22.133952 ,380
 global_map,22.692928 ,400
 global_map,24.622656 ,420
 global_map,25.125376 ,440
 global_map,26.968832 ,460
 global_map,27.819072 ,480
 global_map,28.07488 ,500
 global_map,28.214848 ,520
 global_map,31.604032 ,540
 global_map,33.720512 ,560
 global_map,33.807808 ,580
 global_map,34.962048 ,600
 global_map,35.367552 ,620
 global_map,35.908736 ,640
 global_map,40.734656 ,660
 global_map,41.461888 ,680
 global_map,41.884096 ,700
 global_map,44.076992 ,720
 global_map,44.116416 ,740
 global_map,45.531776 ,760
 global_map,45.802624 ,780
 global_map,46.34304 ,800
 global_map,46.346496 ,820
 global_map,48.18208 ,840
 global_map,48.318272 ,860
 global_map,51.42368 ,880
 global_map,51.480064 ,900
 global_map,53.893312 ,920
 global_map,53.893312 ,940
 global_map,55.966848 ,960
 global_map,56.558208 ,980
 global_map,57.086016 ,1000
 global_map,57.761664 ,1020
 global_map,57.772032 ,1040
 global_map,57.772032 ,1060
 global_map,58.433024 ,1080
 global_map,58.569216 ,1100
 global_map,59.135104 ,1120
 global_map,59.13536 ,1140
 global_map,60.022912 ,1160
 global_map,62.0128 ,1180
 global_map,62.0336 ,1200
 global_map,63.520512 ,1220
 global_map,63.584 ,1240
 global_map,65.477824 ,1260
 global_map,66.26784 ,1280
 global_map,68.102464 ,1300
 global_map,68.102464 ,1320
 global_map,68.103616 ,1340
 global_map,68.556288 ,1360
 global_map,68.582976 ,1380
 global_map,68.812096 ,1400
 global_map,68.882752 ,1420
 global_map,69.02272 ,1440
 global_map,69.02272 ,1460
 global_map,74.79328 ,1480
 The Test has finished on 2018-07-27 22:04:55 GMT time 

 ======================== 
 ======================== 
 
 
