
 
 
 ###################### 
 ###################### 

 This is the result of test on 2018-07-30 23:03:07 GMT time 

 global_map,0.0 ,0
 global_map,5.841728 ,20
 global_map,5.841728 ,40
 global_map,6.001408 ,60
 global_map,7.907648 ,80
 global_map,8.235392 ,100
 global_map,8.318912 ,120
 global_map,9.229952 ,140
 global_map,9.432576 ,160
 global_map,10.831744 ,180
 global_map,11.75808 ,200
 global_map,14.756416 ,220
 global_map,16.114944 ,240
 global_map,16.654528 ,260
 global_map,17.555072 ,280
 global_map,18.287232 ,300
 global_map,20.954816 ,320
 global_map,23.271616 ,340
 global_map,25.491584 ,360
 global_map,26.875456 ,380
 global_map,27.181952 ,400
 global_map,30.307264 ,420
 global_map,30.67584 ,440
 global_map,30.948288 ,460
 global_map,32.329344 ,480
 global_map,32.3424 ,500
 global_map,32.621696 ,520
 global_map,33.953856 ,540
 global_map,37.287808 ,560
 global_map,37.452672 ,580
 global_map,38.429184 ,600
 global_map,42.443072 ,620
 global_map,44.449728 ,640
 global_map,44.481152 ,660
 global_map,45.11744 ,680
 global_map,46.050176 ,700
 global_map,46.050176 ,720
 global_map,46.050176 ,740
 global_map,47.417792 ,760
 global_map,48.785728 ,780
 global_map,48.865792 ,800
 global_map,48.986176 ,820
 global_map,49.09184 ,840
 global_map,49.09184 ,860
 global_map,51.72544 ,880
 global_map,51.800256 ,900
 global_map,51.800256 ,920
 global_map,52.888128 ,940
 global_map,52.92032 ,960
 global_map,52.92032 ,980
 global_map,52.92032 ,1000
 global_map,53.654784 ,1020
 global_map,53.804352 ,1040
 global_map,55.376576 ,1060
 global_map,55.974016 ,1080
 global_map,56.598272 ,1100
 global_map,57.899584 ,1120
 global_map,58.122944 ,1140
 global_map,58.140288 ,1160
 global_map,58.429056 ,1180
 global_map,58.441472 ,1200
 global_map,58.574208 ,1220
 global_map,58.574208 ,1240
 global_map,58.67264 ,1260
 global_map,58.981248 ,1280
 global_map,59.729664 ,1300
 global_map,59.729664 ,1320
 global_map,59.729664 ,1340
 global_map,59.729664 ,1360
 global_map,59.729664 ,1380
 global_map,64.359424 ,1400
 global_map,64.359424 ,1420
 global_map,65.465024 ,1440
 global_map,65.465024 ,1460
 global_map,66.435456 ,1480
 The Test has finished on 2018-07-31 08:05:21 GMT time 

 ======================== 
 ======================== 
 
 
