
 
 
 ###################### 
 ###################### 

 This is the result of test on 2018-07-30 18:08:06 GMT time 

 global_map,0.0 ,0
 global_map,5.844224 ,20
 global_map,5.844224 ,40
 global_map,5.968 ,60
 global_map,7.284608 ,80
 global_map,8.139008 ,100
 global_map,8.648768 ,120
 global_map,9.857024 ,140
 global_map,10.361536 ,160
 global_map,10.451904 ,180
 global_map,11.914304 ,200
 global_map,12.448064 ,220
 global_map,14.883264 ,240
 global_map,16.012224 ,260
 global_map,17.125312 ,280
 global_map,17.525184 ,300
 global_map,19.262912 ,320
 global_map,19.99872 ,340
 global_map,20.529088 ,360
 global_map,22.040704 ,380
 global_map,24.178368 ,400
 global_map,25.139136 ,420
 global_map,25.62336 ,440
 global_map,26.350592 ,460
 global_map,26.923264 ,480
 global_map,27.27488 ,500
 global_map,32.547328 ,520
 global_map,33.784192 ,540
 global_map,33.84576 ,560
 global_map,34.8688 ,580
 global_map,34.95104 ,600
 global_map,36.512448 ,620
 global_map,39.218432 ,640
 global_map,39.508736 ,660
 global_map,41.457792 ,680
 global_map,41.614528 ,700
 global_map,42.126848 ,720
 global_map,42.126848 ,740
 global_map,42.126848 ,760
 global_map,42.20608 ,780
 global_map,43.09472 ,800
 global_map,46.473088 ,820
 global_map,46.960512 ,840
 global_map,47.01376 ,860
 global_map,47.321472 ,880
 global_map,47.613568 ,900
 global_map,47.613568 ,920
 global_map,50.301696 ,940
 global_map,51.10912 ,960
 global_map,51.10912 ,980
 global_map,51.10912 ,1000
 global_map,51.662912 ,1020
 global_map,51.878464 ,1040
 global_map,51.883264 ,1060
 global_map,52.6528 ,1080
 global_map,52.885184 ,1100
 global_map,52.885184 ,1120
 global_map,53.167488 ,1140
 global_map,53.167488 ,1160
 global_map,57.279552 ,1180
 global_map,57.322048 ,1200
 global_map,57.322048 ,1220
 global_map,57.340096 ,1240
 global_map,57.996608 ,1260
 global_map,58.238208 ,1280
 global_map,62.732288 ,1300
 global_map,62.732544 ,1320
 global_map,63.055488 ,1340
 global_map,63.055488 ,1360
 global_map,64.891968 ,1380
 global_map,64.891968 ,1400
 global_map,65.18112 ,1420
 global_map,65.432512 ,1440
 global_map,65.432512 ,1460
 global_map,65.632896 ,1480
 The Test has finished on 2018-07-30 22:55:19 GMT time 

 ======================== 
 ======================== 
 
 
