
 
 
 ###################### 
 ###################### 

 This is the result of test on 2018-08-01 02:11:23 GMT time 

 global_map,0.0 ,0
 global_map,5.844224 ,20
 global_map,5.844224 ,40
 global_map,5.88608 ,60
 global_map,7.742336 ,80
 global_map,8.90912 ,100
 global_map,9.088576 ,120
 global_map,9.742336 ,140
 global_map,9.95296 ,160
 global_map,10.061312 ,180
 global_map,11.718656 ,200
 global_map,12.368128 ,220
 global_map,15.172352 ,240
 global_map,16.398464 ,260
 global_map,17.681664 ,280
 global_map,18.804864 ,300
 global_map,19.732352 ,320
 global_map,20.82432 ,340
 global_map,22.665664 ,360
 global_map,22.72736 ,380
 global_map,24.464832 ,400
 global_map,24.7216 ,420
 global_map,26.278912 ,440
 global_map,30.018944 ,460
 global_map,31.831616 ,480
 global_map,31.858304 ,500
 global_map,34.683776 ,520
 global_map,34.68608 ,540
 global_map,35.598656 ,560
 global_map,35.727488 ,580
 global_map,36.055872 ,600
 global_map,36.057472 ,620
 global_map,36.057472 ,640
 global_map,38.45376 ,660
 global_map,39.332352 ,680
 global_map,41.084608 ,700
 global_map,43.084288 ,720
 global_map,44.327296 ,740
 global_map,44.362176 ,760
 global_map,45.216896 ,780
 global_map,45.219904 ,800
 global_map,47.049344 ,820
 global_map,47.229632 ,840
 global_map,47.626944 ,860
 global_map,48.828224 ,880
 global_map,49.262464 ,900
 global_map,49.262464 ,920
 global_map,49.519424 ,940
 global_map,49.52736 ,960
 global_map,50.477632 ,980
 global_map,50.497856 ,1000
 global_map,50.50752 ,1020
 global_map,53.707328 ,1040
 global_map,53.803136 ,1060
 global_map,54.452672 ,1080
 global_map,54.76864 ,1100
 global_map,54.942208 ,1120
 global_map,55.007936 ,1140
 global_map,55.090048 ,1160
 global_map,55.28128 ,1180
 global_map,55.285248 ,1200
 global_map,55.5328 ,1220
 global_map,55.926656 ,1240
 global_map,55.926656 ,1260
 global_map,55.926656 ,1280
 global_map,55.926656 ,1300
 global_map,58.069568 ,1320
 global_map,58.114688 ,1340
 global_map,58.114688 ,1360
 global_map,59.156544 ,1380
 global_map,59.343296 ,1400
 global_map,59.81536 ,1420
 global_map,60.148736 ,1440
 global_map,60.586176 ,1460
 global_map,60.922496 ,1480
 The Test has finished on 2018-08-01 03:34:57 GMT time 

 ======================== 
 ======================== 
 
 
