
 
 
 ###################### 
 ###################### 

 This is the result of test on 2018-07-31 14:32:58 GMT time 

 global_map,0.0 ,0
 global_map,5.84512 ,20
 global_map,5.84512 ,40
 global_map,6.015232 ,60
 global_map,6.829568 ,80
 global_map,6.948224 ,100
 global_map,7.322624 ,120
 global_map,7.529856 ,140
 global_map,7.7008 ,160
 global_map,10.95424 ,180
 global_map,12.092096 ,200
 global_map,13.972864 ,220
 global_map,14.864384 ,240
 global_map,15.876928 ,260
 global_map,16.047552 ,280
 global_map,17.425984 ,300
 global_map,17.43744 ,320
 global_map,17.450816 ,340
 global_map,17.450816 ,360
 global_map,18.239936 ,380
 global_map,19.797184 ,400
 global_map,20.8784 ,420
 global_map,21.897152 ,440
 global_map,24.552768 ,460
 global_map,26.396864 ,480
 global_map,27.086144 ,500
 global_map,27.52448 ,520
 global_map,28.14368 ,540
 global_map,28.512512 ,560
 global_map,30.289664 ,580
 global_map,30.545152 ,600
 global_map,32.150848 ,620
 global_map,32.202176 ,640
 global_map,32.895936 ,660
 global_map,32.95264 ,680
 global_map,33.315392 ,700
 global_map,33.892736 ,720
 global_map,34.540864 ,740
 global_map,34.888192 ,760
 global_map,34.89056 ,780
 global_map,34.89056 ,800
 global_map,34.927744 ,820
 global_map,35.577728 ,840
 global_map,35.578752 ,860
 global_map,36.69056 ,880
 global_map,36.766464 ,900
 global_map,36.953408 ,920
 global_map,36.953408 ,940
 global_map,36.981248 ,960
 global_map,36.981248 ,980
 global_map,36.989952 ,1000
 global_map,36.990784 ,1020
 global_map,37.07584 ,1040
 global_map,37.100608 ,1060
 global_map,37.17536 ,1080
 global_map,37.175808 ,1100
 global_map,37.175872 ,1120
 global_map,37.479936 ,1140
 global_map,37.479936 ,1160
 global_map,37.479936 ,1180
 global_map,38.991552 ,1200
 global_map,39.258368 ,1220
 global_map,39.829504 ,1240
 global_map,40.038976 ,1260
 global_map,40.090176 ,1280
 global_map,40.278208 ,1300
 global_map,40.454592 ,1320
 global_map,40.454592 ,1340
 global_map,40.950912 ,1360
 global_map,41.904384 ,1380
 global_map,42.054784 ,1400
 global_map,42.054784 ,1420
 global_map,42.054784 ,1440
 global_map,42.054784 ,1460
 global_map,43.415616 ,1480
 The Test has finished on 2018-07-31 16:01:40 GMT time 

 ======================== 
 ======================== 
 
 
