
 
 
 ###################### 
 ###################### 

 This is the result of test on 2018-07-26 16:59:49 GMT time 

 global_map,0.0 ,0
 global_map,5.843008 ,20
 global_map,5.843008 ,40
 global_map,7.131392 ,60
 global_map,7.73792 ,80
 global_map,8.041152 ,100
 global_map,8.232832 ,120
 global_map,8.87968 ,140
 global_map,9.312192 ,160
 global_map,11.09888 ,180
 global_map,13.1424 ,200
 global_map,17.107584 ,220
 global_map,17.589888 ,240
 global_map,18.533824 ,260
 global_map,19.525376 ,280
 global_map,21.528576 ,300
 global_map,22.480576 ,320
 global_map,23.433856 ,340
 global_map,25.819008 ,360
 global_map,26.906496 ,380
 global_map,26.96128 ,400
 global_map,27.735552 ,420
 global_map,28.422016 ,440
 global_map,29.378432 ,460
 global_map,30.825536 ,480
 global_map,32.921984 ,500
 global_map,33.341312 ,520
 global_map,34.663616 ,540
 global_map,34.69408 ,560
 global_map,35.182656 ,580
 global_map,35.182656 ,600
 global_map,35.689472 ,620
 global_map,35.689472 ,640
 global_map,35.832064 ,660
 global_map,41.36384 ,680
 global_map,41.3808 ,700
 global_map,41.816704 ,720
 global_map,44.695616 ,740
 global_map,44.695616 ,760
 global_map,46.769408 ,780
 global_map,46.820992 ,800
 global_map,47.34144 ,820
 global_map,47.528512 ,840
 global_map,49.60608 ,860
 global_map,50.777472 ,880
 global_map,50.777472 ,900
 global_map,55.241152 ,920
 global_map,55.252928 ,940
 global_map,55.259264 ,960
 global_map,56.64768 ,980
 global_map,57.318336 ,1000
 global_map,61.18656 ,1020
 global_map,61.202304 ,1040
 global_map,61.713536 ,1060
 global_map,61.988736 ,1080
 global_map,62.0496 ,1100
 global_map,63.364992 ,1120
 global_map,63.384384 ,1140
 global_map,66.316736 ,1160
 global_map,67.08128 ,1180
 global_map,67.498624 ,1200
 global_map,68.364544 ,1220
 global_map,69.417856 ,1240
 global_map,69.786816 ,1260
 global_map,74.790208 ,1280
 global_map,74.80448 ,1300
 global_map,74.96864 ,1320
 global_map,74.96864 ,1340
 global_map,76.713408 ,1360
 global_map,78.8592 ,1380
 global_map,78.884928 ,1400
 global_map,80.507584 ,1420
 global_map,80.51488 ,1440
 global_map,81.655808 ,1460
 global_map,82.062016 ,1480
 The Test has finished on 2018-07-26 21:45:01 GMT time 

 ======================== 
 ======================== 
 
 
