
 
 
 ###################### 
 ###################### 

 This is the result of test on 2018-07-31 20:31:31 GMT time 

 global_map,0.0 ,0
 global_map,5.84512 ,20
 global_map,5.84512 ,40
 global_map,6.019072 ,60
 global_map,6.378176 ,80
 global_map,7.078016 ,100
 global_map,7.386944 ,120
 global_map,8.542592 ,140
 global_map,8.787392 ,160
 global_map,9.000384 ,180
 global_map,10.248512 ,200
 global_map,11.773696 ,220
 global_map,12.526976 ,240
 global_map,13.187264 ,260
 global_map,16.486976 ,280
 global_map,16.99104 ,300
 global_map,17.323776 ,320
 global_map,18.221184 ,340
 global_map,19.429248 ,360
 global_map,21.50976 ,380
 global_map,22.58592 ,400
 global_map,22.663936 ,420
 global_map,23.926976 ,440
 global_map,25.412224 ,460
 global_map,26.445952 ,480
 global_map,28.162368 ,500
 global_map,28.612416 ,520
 global_map,30.176832 ,540
 global_map,30.95904 ,560
 global_map,31.81376 ,580
 global_map,33.666816 ,600
 global_map,33.685824 ,620
 global_map,33.984576 ,640
 global_map,34.692288 ,660
 global_map,34.692288 ,680
 global_map,34.719232 ,700
 global_map,34.83424 ,720
 global_map,35.920512 ,740
 global_map,37.575936 ,760
 global_map,37.927872 ,780
 global_map,41.661504 ,800
 global_map,41.731904 ,820
 global_map,41.731904 ,840
 global_map,42.374528 ,860
 global_map,42.528448 ,880
 global_map,43.124096 ,900
 global_map,43.124096 ,920
 global_map,43.435264 ,940
 global_map,43.893696 ,960
 global_map,44.86432 ,980
 global_map,45.264832 ,1000
 global_map,45.81792 ,1020
 global_map,45.81792 ,1040
 global_map,45.81792 ,1060
 global_map,45.81792 ,1080
 global_map,45.81792 ,1100
 global_map,45.81792 ,1120
 global_map,47.499584 ,1140
 global_map,47.499584 ,1160
 global_map,48.201472 ,1180
 global_map,48.201728 ,1200
 global_map,48.357696 ,1220
 global_map,48.357696 ,1240
 global_map,49.661696 ,1260
 global_map,49.88416 ,1280
 global_map,49.88448 ,1300
 global_map,50.620864 ,1320
 global_map,51.22272 ,1340
 global_map,51.22656 ,1360
 global_map,51.56352 ,1380
 global_map,51.56352 ,1400
 global_map,51.56352 ,1420
 global_map,53.469504 ,1440
 global_map,53.633856 ,1460
 global_map,53.654848 ,1480
 The Test has finished on 2018-08-01 02:06:23 GMT time 

 ======================== 
 ======================== 
 
 
