
 
 
 ###################### 
 ###################### 

 This is the result of test on 2018-07-27 22:08:12 GMT time 

 global_map,0.0 ,0
 global_map,5.84512 ,20
 global_map,5.84512 ,40
 global_map,5.88096 ,60
 global_map,7.883712 ,80
 global_map,8.048128 ,100
 global_map,8.531072 ,120
 global_map,8.967744 ,140
 global_map,11.084992 ,160
 global_map,12.0832 ,180
 global_map,12.448512 ,200
 global_map,12.56128 ,220
 global_map,14.140544 ,240
 global_map,16.139328 ,260
 global_map,17.650944 ,280
 global_map,18.629824 ,300
 global_map,20.045312 ,320
 global_map,20.43776 ,340
 global_map,22.688704 ,360
 global_map,23.17888 ,380
 global_map,24.956224 ,400
 global_map,26.19904 ,420
 global_map,28.238848 ,440
 global_map,29.158656 ,460
 global_map,30.92544 ,480
 global_map,31.669952 ,500
 global_map,34.256384 ,520
 global_map,34.551744 ,540
 global_map,35.339712 ,560
 global_map,36.937792 ,580
 global_map,36.959872 ,600
 global_map,39.039424 ,620
 global_map,39.481152 ,640
 global_map,39.481152 ,660
 global_map,39.481152 ,680
 global_map,41.508736 ,700
 global_map,41.529216 ,720
 global_map,42.365824 ,740
 global_map,45.149824 ,760
 global_map,45.149824 ,780
 global_map,47.418688 ,800
 global_map,47.635904 ,820
 global_map,50.183936 ,840
 global_map,50.183936 ,860
 global_map,50.18464 ,880
 global_map,50.18464 ,900
 global_map,52.878848 ,920
 global_map,52.904576 ,940
 global_map,52.904576 ,960
 global_map,52.904576 ,980
 global_map,54.283968 ,1000
 global_map,57.689088 ,1020
 global_map,57.71968 ,1040
 global_map,60.053376 ,1060
 global_map,60.35904 ,1080
 global_map,60.35904 ,1100
 global_map,60.454464 ,1120
 global_map,60.47744 ,1140
 global_map,61.04768 ,1160
 global_map,61.048128 ,1180
 global_map,61.06656 ,1200
 global_map,61.079552 ,1220
 global_map,65.629888 ,1240
 global_map,65.660032 ,1260
 global_map,65.700224 ,1280
 global_map,69.49312 ,1300
 global_map,69.526848 ,1320
 global_map,69.937664 ,1340
 global_map,70.012032 ,1360
 global_map,70.865024 ,1380
 global_map,73.803904 ,1400
 global_map,75.636352 ,1420
 global_map,75.694272 ,1440
 global_map,75.801216 ,1460
 global_map,81.929536 ,1480
 The Test has finished on 2018-07-29 18:20:16 GMT time 

 ======================== 
 ======================== 
 
 
