
 
 
 ###################### 
 ###################### 

 This is the result of test on 2018-07-26 21:51:26 GMT time 

 global_map,0.0 ,0
 global_map,5.844032 ,20
 global_map,5.844032 ,40
 global_map,6.011072 ,60
 global_map,6.971264 ,80
 global_map,8.217472 ,100
 global_map,9.5776 ,120
 global_map,9.860736 ,140
 global_map,10.008448 ,160
 global_map,10.52192 ,180
 global_map,11.831616 ,200
 global_map,12.307456 ,220
 global_map,13.447488 ,240
 global_map,15.317248 ,260
 global_map,15.875584 ,280
 global_map,16.6576 ,300
 global_map,16.698304 ,320
 global_map,17.455808 ,340
 global_map,19.984384 ,360
 global_map,21.430272 ,380
 global_map,24.099456 ,400
 global_map,24.869056 ,420
 global_map,25.990656 ,440
 global_map,27.937216 ,460
 global_map,28.470528 ,480
 global_map,29.610496 ,500
 global_map,29.704704 ,520
 global_map,33.256896 ,540
 global_map,33.602688 ,560
 global_map,33.840064 ,580
 global_map,34.448064 ,600
 global_map,36.618112 ,620
 global_map,39.823232 ,640
 global_map,40.31168 ,660
 global_map,40.365184 ,680
 global_map,42.01344 ,700
 global_map,43.01568 ,720
 global_map,44.436672 ,740
 global_map,44.888704 ,760
 global_map,45.24224 ,780
 global_map,45.569024 ,800
 global_map,45.957824 ,820
 global_map,46.06208 ,840
 global_map,46.53952 ,860
 global_map,46.53952 ,880
 global_map,48.242368 ,900
 global_map,50.146944 ,920
 global_map,50.159232 ,940
 global_map,51.797376 ,960
 global_map,51.858432 ,980
 global_map,52.734144 ,1000
 global_map,52.873344 ,1020
 global_map,52.905216 ,1040
 global_map,53.15136 ,1060
 global_map,53.15136 ,1080
 global_map,53.15136 ,1100
 global_map,53.151616 ,1120
 global_map,53.180544 ,1140
 global_map,53.18112 ,1160
 global_map,55.034496 ,1180
 global_map,55.316352 ,1200
 global_map,55.316352 ,1220
 global_map,55.961536 ,1240
 global_map,56.237056 ,1260
 global_map,56.565696 ,1280
 global_map,56.58752 ,1300
 global_map,56.833664 ,1320
 global_map,57.640896 ,1340
 global_map,57.640896 ,1360
 global_map,57.793088 ,1380
 global_map,57.79328 ,1400
 global_map,57.79328 ,1420
 global_map,57.79328 ,1440
 global_map,57.79328 ,1460
 global_map,58.937536 ,1480
 The Test has finished on 2018-07-26 23:50:45 GMT time 

 ======================== 
 ======================== 
 
 
