
 
 
 ###################### 
 ###################### 

 This is the result of test on 2018-07-31 16:10:03 GMT time 

 global_map,0.0 ,0
 global_map,5.842816 ,20
 global_map,5.842816 ,40
 global_map,6.032768 ,60
 global_map,6.172736 ,80
 global_map,7.509888 ,100
 global_map,8.05216 ,120
 global_map,8.138944 ,140
 global_map,8.554944 ,160
 global_map,9.56288 ,180
 global_map,9.618176 ,200
 global_map,11.48832 ,220
 global_map,11.846272 ,240
 global_map,13.324608 ,260
 global_map,16.781376 ,280
 global_map,17.205248 ,300
 global_map,17.375936 ,320
 global_map,18.3904 ,340
 global_map,18.810688 ,360
 global_map,20.994048 ,380
 global_map,22.573632 ,400
 global_map,23.558528 ,420
 global_map,25.044864 ,440
 global_map,25.565184 ,460
 global_map,25.693632 ,480
 global_map,27.108224 ,500
 global_map,27.531648 ,520
 global_map,29.94304 ,540
 global_map,29.998592 ,560
 global_map,30.543488 ,580
 global_map,31.064192 ,600
 global_map,32.54848 ,620
 global_map,32.557056 ,640
 global_map,32.576128 ,660
 global_map,34.551808 ,680
 global_map,34.856128 ,700
 global_map,34.966656 ,720
 global_map,34.994752 ,740
 global_map,35.07392 ,760
 global_map,36.499264 ,780
 global_map,36.499264 ,800
 global_map,36.499264 ,820
 global_map,36.889728 ,840
 global_map,38.442688 ,860
 global_map,40.727616 ,880
 global_map,40.77248 ,900
 global_map,42.266816 ,920
 global_map,42.313792 ,940
 global_map,43.08672 ,960
 global_map,43.131392 ,980
 global_map,43.953856 ,1000
 global_map,44.310016 ,1020
 global_map,44.76896 ,1040
 global_map,46.41856 ,1060
 global_map,46.418688 ,1080
 global_map,46.891712 ,1100
 global_map,47.075584 ,1120
 global_map,48.21632 ,1140
 global_map,48.816448 ,1160
 global_map,48.816448 ,1180
 global_map,49.482944 ,1200
 global_map,52.552576 ,1220
 global_map,52.552576 ,1240
 global_map,52.552576 ,1260
 global_map,53.964928 ,1280
 global_map,53.964928 ,1300
 global_map,55.14176 ,1320
 global_map,55.14176 ,1340
 global_map,55.145152 ,1360
 global_map,56.05568 ,1380
 global_map,56.05568 ,1400
 global_map,56.924416 ,1420
 global_map,56.924608 ,1440
 global_map,56.924672 ,1460
 global_map,57.044032 ,1480
 The Test has finished on 2018-07-31 17:36:36 GMT time 

 ======================== 
 ======================== 
 
 
