
 
 
 ###################### 
 ###################### 

 This is the result of test on 2018-07-31 17:39:57 GMT time 

 global_map,0.0 ,0
 global_map,5.843328 ,20
 global_map,5.843328 ,40
 global_map,6.628864 ,60
 global_map,7.328256 ,80
 global_map,8.091712 ,100
 global_map,8.73312 ,120
 global_map,9.482624 ,140
 global_map,9.881664 ,160
 global_map,10.900416 ,180
 global_map,13.847936 ,200
 global_map,15.869376 ,220
 global_map,16.0064 ,240
 global_map,18.345728 ,260
 global_map,19.128192 ,280
 global_map,19.889088 ,300
 global_map,21.60192 ,320
 global_map,21.849728 ,340
 global_map,22.547904 ,360
 global_map,22.590016 ,380
 global_map,22.961472 ,400
 global_map,23.084608 ,420
 global_map,24.023936 ,440
 global_map,26.464448 ,460
 global_map,26.898688 ,480
 global_map,27.632896 ,500
 global_map,29.23904 ,520
 global_map,29.23904 ,540
 global_map,29.430592 ,560
 global_map,29.882688 ,580
 global_map,30.2224 ,600
 global_map,31.523328 ,620
 global_map,35.654336 ,640
 global_map,37.761792 ,660
 global_map,37.92928 ,680
 global_map,38.281024 ,700
 global_map,38.47648 ,720
 global_map,38.48576 ,740
 global_map,42.110208 ,760
 global_map,42.412672 ,780
 global_map,42.412672 ,800
 global_map,42.412672 ,820
 global_map,44.05024 ,840
 global_map,44.056704 ,860
 global_map,44.350336 ,880
 global_map,47.693888 ,900
 global_map,47.77536 ,920
 global_map,47.870144 ,940
 global_map,51.534336 ,960
 global_map,51.58656 ,980
 global_map,51.58656 ,1000
 global_map,52.135744 ,1020
 global_map,52.135744 ,1040
 global_map,52.830848 ,1060
 global_map,52.830848 ,1080
 global_map,52.908032 ,1100
 global_map,53.885824 ,1120
 global_map,54.744 ,1140
 global_map,54.818752 ,1160
 global_map,54.90656 ,1180
 global_map,54.90656 ,1200
 global_map,59.373568 ,1220
 global_map,59.373568 ,1240
 global_map,60.39232 ,1260
 global_map,60.56224 ,1280
 global_map,62.78944 ,1300
 global_map,62.82368 ,1320
 global_map,65.124672 ,1340
 global_map,65.124672 ,1360
 global_map,65.124672 ,1380
 global_map,65.124672 ,1400
 global_map,67.114944 ,1420
 global_map,67.154112 ,1440
 global_map,67.194176 ,1460
 global_map,72.576064 ,1480
 The Test has finished on 2018-07-31 19:03:50 GMT time 

 ======================== 
 ======================== 
 
 
