
 
 
 ###################### 
 ###################### 

 This is the result of test on 2018-07-29 20:33:47 GMT time 

 global_map,0.0 ,0
 global_map,5.84096 ,20
 global_map,5.84096 ,40
 global_map,5.974784 ,60
 global_map,7.20512 ,80
 global_map,7.701696 ,100
 global_map,9.11552 ,120
 global_map,9.333312 ,140
 global_map,9.358848 ,160
 global_map,9.37184 ,180
 global_map,10.113024 ,200
 global_map,11.097344 ,220
 global_map,11.818816 ,240
 global_map,13.96064 ,260
 global_map,15.438464 ,280
 global_map,16.899648 ,300
 global_map,18.937792 ,320
 global_map,19.399872 ,340
 global_map,19.540096 ,360
 global_map,19.55872 ,380
 global_map,19.870784 ,400
 global_map,20.450304 ,420
 global_map,20.926336 ,440
 global_map,22.852608 ,460
 global_map,23.102208 ,480
 global_map,24.847872 ,500
 global_map,24.903936 ,520
 global_map,27.344128 ,540
 global_map,29.677056 ,560
 global_map,29.710848 ,580
 global_map,32.826304 ,600
 global_map,33.709632 ,620
 global_map,35.456512 ,640
 global_map,36.225344 ,660
 global_map,37.085888 ,680
 global_map,37.582272 ,700
 global_map,37.622144 ,720
 global_map,37.858112 ,740
 global_map,40.599936 ,760
 global_map,41.40992 ,780
 global_map,42.23904 ,800
 global_map,42.44544 ,820
 global_map,42.44544 ,840
 global_map,42.726592 ,860
 global_map,43.848128 ,880
 global_map,43.956736 ,900
 global_map,44.810624 ,920
 global_map,44.810624 ,940
 global_map,46.824256 ,960
 global_map,47.792192 ,980
 global_map,47.79232 ,1000
 global_map,49.005184 ,1020
 global_map,49.417344 ,1040
 global_map,49.796416 ,1060
 global_map,53.455232 ,1080
 global_map,53.455296 ,1100
 global_map,53.455296 ,1120
 global_map,54.62336 ,1140
 global_map,54.62464 ,1160
 global_map,55.982528 ,1180
 global_map,60.330368 ,1200
 global_map,60.552256 ,1220
 global_map,60.689408 ,1240
 global_map,62.41152 ,1260
 global_map,62.41152 ,1280
 global_map,63.162816 ,1300
 global_map,63.174272 ,1320
 global_map,63.467904 ,1340
 global_map,63.564608 ,1360
 global_map,64.317824 ,1380
 global_map,64.317824 ,1400
 global_map,64.77216 ,1420
 global_map,64.777088 ,1440
 global_map,65.305984 ,1460
 global_map,65.305984 ,1480
 The Test has finished on 2018-07-29 23:05:13 GMT time 

 ======================== 
 ======================== 
 
 
