
 
 
 ###################### 
 ###################### 

 This is the result of test on 2018-07-31 10:31:40 GMT time 

 global_map,0.0 ,0
 global_map,5.84512 ,20
 global_map,5.84512 ,40
 global_map,6.01184 ,60
 global_map,7.273984 ,80
 global_map,7.955648 ,100
 global_map,8.28032 ,120
 global_map,8.358912 ,140
 global_map,8.801344 ,160
 global_map,9.364928 ,180
 global_map,10.58016 ,200
 global_map,12.115456 ,220
 global_map,12.232704 ,240
 global_map,14.90432 ,260
 global_map,15.303744 ,280
 global_map,16.121536 ,300
 global_map,16.561472 ,320
 global_map,17.347904 ,340
 global_map,18.027136 ,360
 global_map,19.672832 ,380
 global_map,19.69344 ,400
 global_map,20.509504 ,420
 global_map,21.732992 ,440
 global_map,22.96032 ,460
 global_map,23.592576 ,480
 global_map,24.845248 ,500
 global_map,26.178624 ,520
 global_map,26.180544 ,540
 global_map,27.312128 ,560
 global_map,27.378752 ,580
 global_map,28.12928 ,600
 global_map,28.691584 ,620
 global_map,31.200576 ,640
 global_map,31.200576 ,660
 global_map,32.100544 ,680
 global_map,32.960832 ,700
 global_map,34.200832 ,720
 global_map,34.200832 ,740
 global_map,36.892608 ,760
 global_map,37.08352 ,780
 global_map,37.117184 ,800
 global_map,37.120832 ,820
 global_map,38.831744 ,840
 global_map,38.8432 ,860
 global_map,38.8432 ,880
 global_map,39.351744 ,900
 global_map,39.526592 ,920
 global_map,41.40384 ,940
 global_map,41.638016 ,960
 global_map,42.583488 ,980
 global_map,42.845504 ,1000
 global_map,42.963456 ,1020
 global_map,44.379456 ,1040
 global_map,45.001792 ,1060
 global_map,46.671552 ,1080
 global_map,47.038272 ,1100
 global_map,49.058752 ,1120
 global_map,49.125824 ,1140
 global_map,49.169792 ,1160
 global_map,51.175488 ,1180
 global_map,51.420928 ,1200
 global_map,52.633088 ,1220
 global_map,52.998528 ,1240
 global_map,55.10432 ,1260
 global_map,55.528768 ,1280
 global_map,55.782144 ,1300
 global_map,55.803072 ,1320
 global_map,55.874304 ,1340
 global_map,55.874496 ,1360
 global_map,55.905344 ,1380
 global_map,56.031168 ,1400
 global_map,56.3216 ,1420
 global_map,56.3216 ,1440
 global_map,56.3216 ,1460
 global_map,56.3216 ,1480
 The Test has finished on 2018-07-31 14:30:37 GMT time 

 ======================== 
 ======================== 
 
 
