
 
 
 ###################### 
 ###################### 

 This is the result of test on 2018-07-29 23:06:57 GMT time 

 global_map,0.0 ,0
 global_map,5.84512 ,20
 global_map,5.84512 ,40
 global_map,6.021056 ,60
 global_map,6.916352 ,80
 global_map,7.496384 ,100
 global_map,7.960448 ,120
 global_map,8.798464 ,140
 global_map,9.034624 ,160
 global_map,10.006656 ,180
 global_map,11.18592 ,200
 global_map,14.097344 ,220
 global_map,14.20896 ,240
 global_map,16.309632 ,260
 global_map,17.319808 ,280
 global_map,18.201792 ,300
 global_map,19.188288 ,320
 global_map,19.560832 ,340
 global_map,20.566272 ,360
 global_map,23.811136 ,380
 global_map,23.939392 ,400
 global_map,28.225408 ,420
 global_map,29.904896 ,440
 global_map,30.348864 ,460
 global_map,33.14944 ,480
 global_map,34.641856 ,500
 global_map,36.816 ,520
 global_map,36.99104 ,540
 global_map,38.977216 ,560
 global_map,40.738432 ,580
 global_map,41.357312 ,600
 global_map,41.508352 ,620
 global_map,42.554496 ,640
 global_map,42.956864 ,660
 global_map,43.233152 ,680
 global_map,44.182208 ,700
 global_map,45.657664 ,720
 global_map,46.292736 ,740
 global_map,46.409728 ,760
 global_map,47.536128 ,780
 global_map,47.577536 ,800
 global_map,50.753856 ,820
 global_map,50.796544 ,840
 global_map,51.10336 ,860
 global_map,51.628992 ,880
 global_map,55.86464 ,900
 global_map,56.22752 ,920
 global_map,56.674304 ,940
 global_map,56.674304 ,960
 global_map,59.371904 ,980
 global_map,61.838016 ,1000
 global_map,62.173376 ,1020
 global_map,62.746304 ,1040
 global_map,62.746432 ,1060
 global_map,62.820224 ,1080
 global_map,62.820224 ,1100
 global_map,65.7184 ,1120
 global_map,66.13152 ,1140
 global_map,67.466048 ,1160
 global_map,67.46688 ,1180
 global_map,68.654656 ,1200
 global_map,69.379136 ,1220
 global_map,69.411968 ,1240
 global_map,69.457792 ,1260
 global_map,69.905344 ,1280
 global_map,70.140544 ,1300
 global_map,70.140544 ,1320
 global_map,70.690048 ,1340
 global_map,71.516544 ,1360
 global_map,72.339648 ,1380
 global_map,75.256576 ,1400
 global_map,76.195712 ,1420
 global_map,77.877504 ,1440
 global_map,80.579968 ,1460
 global_map,81.797376 ,1480
 The Test has finished on 2018-07-30 02:25:03 GMT time 

 ======================== 
 ======================== 
 
 
