
 
 
 ###################### 
 ###################### 

 This is the result of test on 2018-07-31 08:10:18 GMT time 

 global_map,0.0 ,0
 global_map,5.84512 ,20
 global_map,5.84512 ,40
 global_map,5.969984 ,60
 global_map,7.36544 ,80
 global_map,8.248192 ,100
 global_map,8.928768 ,120
 global_map,11.411008 ,140
 global_map,11.901696 ,160
 global_map,12.366272 ,180
 global_map,12.973056 ,200
 global_map,13.085632 ,220
 global_map,13.468864 ,240
 global_map,15.615808 ,260
 global_map,17.359616 ,280
 global_map,17.359616 ,300
 global_map,19.135488 ,320
 global_map,20.6512 ,340
 global_map,21.69792 ,360
 global_map,21.954112 ,380
 global_map,23.908928 ,400
 global_map,24.368768 ,420
 global_map,25.677312 ,440
 global_map,25.721408 ,460
 global_map,27.418432 ,480
 global_map,29.816896 ,500
 global_map,31.226176 ,520
 global_map,31.88352 ,540
 global_map,32.090688 ,560
 global_map,33.336832 ,580
 global_map,34.438336 ,600
 global_map,37.101248 ,620
 global_map,37.31648 ,640
 global_map,40.372288 ,660
 global_map,41.6976 ,680
 global_map,41.867968 ,700
 global_map,42.254272 ,720
 global_map,42.633792 ,740
 global_map,45.112192 ,760
 global_map,45.297664 ,780
 global_map,45.365184 ,800
 global_map,45.61696 ,820
 global_map,45.655808 ,840
 global_map,47.265408 ,860
 global_map,47.266048 ,880
 global_map,47.627328 ,900
 global_map,47.714944 ,920
 global_map,49.786752 ,940
 global_map,49.804992 ,960
 global_map,49.82176 ,980
 global_map,50.0832 ,1000
 global_map,50.0832 ,1020
 global_map,50.816256 ,1040
 global_map,50.816256 ,1060
 global_map,52.874816 ,1080
 global_map,53.078784 ,1100
 global_map,55.2816 ,1120
 global_map,55.61696 ,1140
 global_map,57.162944 ,1160
 global_map,57.61248 ,1180
 global_map,57.628992 ,1200
 global_map,57.66848 ,1220
 global_map,57.949696 ,1240
 global_map,58.506112 ,1260
 global_map,59.722944 ,1280
 global_map,59.722944 ,1300
 global_map,59.907136 ,1320
 global_map,59.907136 ,1340
 global_map,61.459712 ,1360
 global_map,61.459712 ,1380
 global_map,63.2752 ,1400
 global_map,63.339392 ,1420
 global_map,66.279424 ,1440
 global_map,67.322048 ,1460
 global_map,67.322048 ,1480
 The Test has finished on 2018-07-31 09:38:03 GMT time 

 ======================== 
 ======================== 
 
 
